Detecting C compiler ABI info failed to compile with the following output:
Change Dir: /Users/lucamainardi/Desktop/Progetto Finale/build/CMakeFiles/CMakeTmp

Run Build Command(s):/usr/bin/make -f Makefile cmTC_04005/fast && /Library/Developer/CommandLineTools/usr/bin/make  -f CMakeFiles/cmTC_04005.dir/build.make CMakeFiles/cmTC_04005.dir/build
Building C object CMakeFiles/cmTC_04005.dir/CMakeCCompilerABI.c.o
/usr/local/bin/i686-w64-mingw32-gcc-11.2.0   -isysroot /Library/Developer/CommandLineTools/SDKs/MacOSX12.1.sdk   -v -Wl,-v -o CMakeFiles/cmTC_04005.dir/CMakeCCompilerABI.c.o -c /usr/local/Cellar/cmake/3.22.0/share/cmake/Modules/CMakeCCompilerABI.c
Using built-in specs.
COLLECT_GCC=/usr/local/bin/i686-w64-mingw32-gcc-11.2.0
Target: i686-w64-mingw32
Configured with: ../configure --target=i686-w64-mingw32 --with-sysroot=/usr/local/Cellar/mingw-w64/9.0.0_2/toolchain-i686 --prefix=/usr/local/Cellar/mingw-w64/9.0.0_2/toolchain-i686 --with-bugurl=https://github.com/Homebrew/homebrew-core/issues --enable-languages=c,c++,fortran --with-ld=/usr/local/Cellar/mingw-w64/9.0.0_2/toolchain-i686/bin/i686-w64-mingw32-ld --with-as=/usr/local/Cellar/mingw-w64/9.0.0_2/toolchain-i686/bin/i686-w64-mingw32-as --with-gmp=/usr/local/opt/gmp --with-mpfr=/usr/local/opt/mpfr --with-mpc=/usr/local/opt/libmpc --with-isl=/usr/local/opt/isl --with-zstd=no --disable-multilib --disable-nls --enable-threads=posix
Thread model: posix
Supported LTO compression algorithms: zlib
gcc version 11.2.0 (GCC) 
COLLECT_GCC_OPTIONS='-isysroot' '/Library/Developer/CommandLineTools/SDKs/MacOSX12.1.sdk' '-v' '-o' 'CMakeFiles/cmTC_04005.dir/CMakeCCompilerABI.c.o' '-c' '-mtune=generic' '-march=pentiumpro' '-dumpdir' 'CMakeFiles/cmTC_04005.dir/'
 /usr/local/Cellar/mingw-w64/9.0.0_2/toolchain-i686/libexec/gcc/i686-w64-mingw32/11.2.0/cc1 -quiet -v -D_REENTRANT -isysroot /Library/Developer/CommandLineTools/SDKs/MacOSX12.1.sdk /usr/local/Cellar/cmake/3.22.0/share/cmake/Modules/CMakeCCompilerABI.c -quiet -dumpdir CMakeFiles/cmTC_04005.dir/ -dumpbase CMakeCCompilerABI.c.c -dumpbase-ext .c -mtune=generic -march=pentiumpro -version -o /var/folders/zy/l5hqnpfn0q53zjjzyx1pdsfh0000gn/T//cc1AzH8t.s
GNU C17 (GCC) version 11.2.0 (i686-w64-mingw32)
	compiled by GNU C version Apple LLVM 13.0.0 (clang-1300.0.29.3), GMP version 6.2.1, MPFR version 4.1.0, MPC version 1.2.1, isl version isl-0.24-GMP

GGC heuristics: --param ggc-min-expand=100 --param ggc-min-heapsize=131072
ignoring nonexistent directory "/Library/Developer/CommandLineTools/SDKs/MacOSX12.1.sdk/usr/local/include"
ignoring nonexistent directory "/Library/Developer/CommandLineTools/SDKs/MacOSX12.1.sdk/mingw/include"
#include "..." search starts here:
#include <...> search starts here:
 /usr/local/Cellar/mingw-w64/9.0.0_2/toolchain-i686/lib/gcc/i686-w64-mingw32/11.2.0/include
 /usr/local/Cellar/mingw-w64/9.0.0_2/toolchain-i686/lib/gcc/i686-w64-mingw32/11.2.0/include-fixed
 /usr/local/Cellar/mingw-w64/9.0.0_2/toolchain-i686/lib/gcc/i686-w64-mingw32/11.2.0/../../../../i686-w64-mingw32/include
End of search list.
GNU C17 (GCC) version 11.2.0 (i686-w64-mingw32)
	compiled by GNU C version Apple LLVM 13.0.0 (clang-1300.0.29.3), GMP version 6.2.1, MPFR version 4.1.0, MPC version 1.2.1, isl version isl-0.24-GMP

GGC heuristics: --param ggc-min-expand=100 --param ggc-min-heapsize=131072
Compiler executable checksum: 35c9045aa91ad8e8d3beff46a5a33b7b
COLLECT_GCC_OPTIONS='-isysroot' '/Library/Developer/CommandLineTools/SDKs/MacOSX12.1.sdk' '-v' '-o' 'CMakeFiles/cmTC_04005.dir/CMakeCCompilerABI.c.o' '-c' '-mtune=generic' '-march=pentiumpro' '-dumpdir' 'CMakeFiles/cmTC_04005.dir/'
 /usr/local/Cellar/mingw-w64/9.0.0_2/toolchain-i686/bin/i686-w64-mingw32-as -v -o CMakeFiles/cmTC_04005.dir/CMakeCCompilerABI.c.o /var/folders/zy/l5hqnpfn0q53zjjzyx1pdsfh0000gn/T//cc1AzH8t.s
GNU assembler version 2.37 (i686-w64-mingw32) using BFD version (GNU Binutils) 2.37
COMPILER_PATH=/usr/local/Cellar/mingw-w64/9.0.0_2/toolchain-i686/libexec/gcc/i686-w64-mingw32/11.2.0/:/usr/local/Cellar/mingw-w64/9.0.0_2/toolchain-i686/libexec/gcc/i686-w64-mingw32/11.2.0/:/usr/local/Cellar/mingw-w64/9.0.0_2/toolchain-i686/libexec/gcc/i686-w64-mingw32/:/usr/local/Cellar/mingw-w64/9.0.0_2/toolchain-i686/lib/gcc/i686-w64-mingw32/11.2.0/:/usr/local/Cellar/mingw-w64/9.0.0_2/toolchain-i686/lib/gcc/i686-w64-mingw32/:/usr/local/Cellar/mingw-w64/9.0.0_2/toolchain-i686/lib/gcc/i686-w64-mingw32/11.2.0/../../../../i686-w64-mingw32/bin/
LIBRARY_PATH=/usr/local/Cellar/mingw-w64/9.0.0_2/toolchain-i686/lib/gcc/i686-w64-mingw32/11.2.0/:/usr/local/Cellar/mingw-w64/9.0.0_2/toolchain-i686/lib/gcc/i686-w64-mingw32/11.2.0/../../../../i686-w64-mingw32/lib/../lib/:/usr/local/Cellar/mingw-w64/9.0.0_2/toolchain-i686/mingw/lib/../lib/:/usr/local/Cellar/mingw-w64/9.0.0_2/toolchain-i686/lib/gcc/i686-w64-mingw32/11.2.0/../../../../i686-w64-mingw32/lib/:/usr/local/Cellar/mingw-w64/9.0.0_2/toolchain-i686/mingw/lib/
COLLECT_GCC_OPTIONS='-isysroot' '/Library/Developer/CommandLineTools/SDKs/MacOSX12.1.sdk' '-v' '-o' 'CMakeFiles/cmTC_04005.dir/CMakeCCompilerABI.c.o' '-c' '-mtune=generic' '-march=pentiumpro' '-dumpdir' 'CMakeFiles/cmTC_04005.dir/CMakeCCompilerABI.c.'
Linking C executable cmTC_04005
/usr/local/Cellar/cmake/3.22.0/bin/cmake -E cmake_link_script CMakeFiles/cmTC_04005.dir/link.txt --verbose=1
/usr/local/bin/i686-w64-mingw32-gcc-11.2.0  -isysroot /Library/Developer/CommandLineTools/SDKs/MacOSX12.1.sdk -Wl,-search_paths_first -Wl,-headerpad_max_install_names  -v -Wl,-v CMakeFiles/cmTC_04005.dir/CMakeCCompilerABI.c.o -o cmTC_04005 
Using built-in specs.
COLLECT_GCC=/usr/local/bin/i686-w64-mingw32-gcc-11.2.0
COLLECT_LTO_WRAPPER=/usr/local/Cellar/mingw-w64/9.0.0_2/toolchain-i686/libexec/gcc/i686-w64-mingw32/11.2.0/lto-wrapper
Target: i686-w64-mingw32
Configured with: ../configure --target=i686-w64-mingw32 --with-sysroot=/usr/local/Cellar/mingw-w64/9.0.0_2/toolchain-i686 --prefix=/usr/local/Cellar/mingw-w64/9.0.0_2/toolchain-i686 --with-bugurl=https://github.com/Homebrew/homebrew-core/issues --enable-languages=c,c++,fortran --with-ld=/usr/local/Cellar/mingw-w64/9.0.0_2/toolchain-i686/bin/i686-w64-mingw32-ld --with-as=/usr/local/Cellar/mingw-w64/9.0.0_2/toolchain-i686/bin/i686-w64-mingw32-as --with-gmp=/usr/local/opt/gmp --with-mpfr=/usr/local/opt/mpfr --with-mpc=/usr/local/opt/libmpc --with-isl=/usr/local/opt/isl --with-zstd=no --disable-multilib --disable-nls --enable-threads=posix
Thread model: posix
Supported LTO compression algorithms: zlib
gcc version 11.2.0 (GCC) 
COMPILER_PATH=/usr/local/Cellar/mingw-w64/9.0.0_2/toolchain-i686/libexec/gcc/i686-w64-mingw32/11.2.0/:/usr/local/Cellar/mingw-w64/9.0.0_2/toolchain-i686/libexec/gcc/i686-w64-mingw32/11.2.0/:/usr/local/Cellar/mingw-w64/9.0.0_2/toolchain-i686/libexec/gcc/i686-w64-mingw32/:/usr/local/Cellar/mingw-w64/9.0.0_2/toolchain-i686/lib/gcc/i686-w64-mingw32/11.2.0/:/usr/local/Cellar/mingw-w64/9.0.0_2/toolchain-i686/lib/gcc/i686-w64-mingw32/:/usr/local/Cellar/mingw-w64/9.0.0_2/toolchain-i686/lib/gcc/i686-w64-mingw32/11.2.0/../../../../i686-w64-mingw32/bin/
LIBRARY_PATH=/usr/local/Cellar/mingw-w64/9.0.0_2/toolchain-i686/lib/gcc/i686-w64-mingw32/11.2.0/:/usr/local/Cellar/mingw-w64/9.0.0_2/toolchain-i686/lib/gcc/i686-w64-mingw32/11.2.0/../../../../i686-w64-mingw32/lib/../lib/:/usr/local/Cellar/mingw-w64/9.0.0_2/toolchain-i686/mingw/lib/../lib/:/usr/local/Cellar/mingw-w64/9.0.0_2/toolchain-i686/lib/gcc/i686-w64-mingw32/11.2.0/../../../../i686-w64-mingw32/lib/:/usr/local/Cellar/mingw-w64/9.0.0_2/toolchain-i686/mingw/lib/
COLLECT_GCC_OPTIONS='-isysroot' '/Library/Developer/CommandLineTools/SDKs/MacOSX12.1.sdk' '-v' '-o' 'cmTC_04005.exe' '-mtune=generic' '-march=pentiumpro' '-dumpdir' 'cmTC_04005.'
 /usr/local/Cellar/mingw-w64/9.0.0_2/toolchain-i686/libexec/gcc/i686-w64-mingw32/11.2.0/collect2 -plugin /usr/local/Cellar/mingw-w64/9.0.0_2/toolchain-i686/libexec/gcc/i686-w64-mingw32/11.2.0/liblto_plugin.so -plugin-opt=/usr/local/Cellar/mingw-w64/9.0.0_2/toolchain-i686/libexec/gcc/i686-w64-mingw32/11.2.0/lto-wrapper -plugin-opt=-fresolution=/var/folders/zy/l5hqnpfn0q53zjjzyx1pdsfh0000gn/T//cciHs4ny.res -plugin-opt=-pass-through=-lmingw32 -plugin-opt=-pass-through=-lgcc -plugin-opt=-pass-through=-lgcc_eh -plugin-opt=-pass-through=-lmoldname -plugin-opt=-pass-through=-lmingwex -plugin-opt=-pass-through=-lmsvcrt -plugin-opt=-pass-through=-lkernel32 -plugin-opt=-pass-through=-lpthread -plugin-opt=-pass-through=-ladvapi32 -plugin-opt=-pass-through=-lshell32 -plugin-opt=-pass-through=-luser32 -plugin-opt=-pass-through=-lkernel32 -plugin-opt=-pass-through=-lmingw32 -plugin-opt=-pass-through=-lgcc -plugin-opt=-pass-through=-lgcc_eh -plugin-opt=-pass-through=-lmoldname -plugin-opt=-pass-through=-lmingwex -plugin-opt=-pass-through=-lmsvcrt -plugin-opt=-pass-through=-lkernel32 --sysroot=/usr/local/Cellar/mingw-w64/9.0.0_2/toolchain-i686 -m i386pe -Bdynamic -o cmTC_04005.exe /usr/local/Cellar/mingw-w64/9.0.0_2/toolchain-i686/lib/gcc/i686-w64-mingw32/11.2.0/../../../../i686-w64-mingw32/lib/../lib/crt2.o /usr/local/Cellar/mingw-w64/9.0.0_2/toolchain-i686/lib/gcc/i686-w64-mingw32/11.2.0/crtbegin.o -L/usr/local/Cellar/mingw-w64/9.0.0_2/toolchain-i686/lib/gcc/i686-w64-mingw32/11.2.0 -L/usr/local/Cellar/mingw-w64/9.0.0_2/toolchain-i686/lib/gcc/i686-w64-mingw32/11.2.0/../../../../i686-w64-mingw32/lib/../lib -L/usr/local/Cellar/mingw-w64/9.0.0_2/toolchain-i686/mingw/lib/../lib -L/usr/local/Cellar/mingw-w64/9.0.0_2/toolchain-i686/lib/gcc/i686-w64-mingw32/11.2.0/../../../../i686-w64-mingw32/lib -L/usr/local/Cellar/mingw-w64/9.0.0_2/toolchain-i686/mingw/lib -search_paths_first -headerpad_max_install_names -v CMakeFiles/cmTC_04005.dir/CMakeCCompilerABI.c.o -lmingw32 -lgcc -lgcc_eh -lmoldname -lmingwex -lmsvcrt -lkernel32 -lpthread -ladvapi32 -lshell32 -luser32 -lkernel32 -lmingw32 -lgcc -lgcc_eh -lmoldname -lmingwex -lmsvcrt -lkernel32 /usr/local/Cellar/mingw-w64/9.0.0_2/toolchain-i686/lib/gcc/i686-w64-mingw32/11.2.0/crtend.o
collect2 version 11.2.0
/usr/local/Cellar/mingw-w64/9.0.0_2/toolchain-i686/bin/i686-w64-mingw32-ld -plugin /usr/local/Cellar/mingw-w64/9.0.0_2/toolchain-i686/libexec/gcc/i686-w64-mingw32/11.2.0/liblto_plugin.so -plugin-opt=/usr/local/Cellar/mingw-w64/9.0.0_2/toolchain-i686/libexec/gcc/i686-w64-mingw32/11.2.0/lto-wrapper -plugin-opt=-fresolution=/var/folders/zy/l5hqnpfn0q53zjjzyx1pdsfh0000gn/T//cciHs4ny.res -plugin-opt=-pass-through=-lmingw32 -plugin-opt=-pass-through=-lgcc -plugin-opt=-pass-through=-lgcc_eh -plugin-opt=-pass-through=-lmoldname -plugin-opt=-pass-through=-lmingwex -plugin-opt=-pass-through=-lmsvcrt -plugin-opt=-pass-through=-lkernel32 -plugin-opt=-pass-through=-lpthread -plugin-opt=-pass-through=-ladvapi32 -plugin-opt=-pass-through=-lshell32 -plugin-opt=-pass-through=-luser32 -plugin-opt=-pass-through=-lkernel32 -plugin-opt=-pass-through=-lmingw32 -plugin-opt=-pass-through=-lgcc -plugin-opt=-pass-through=-lgcc_eh -plugin-opt=-pass-through=-lmoldname -plugin-opt=-pass-through=-lmingwex -plugin-opt=-pass-through=-lmsvcrt -plugin-opt=-pass-through=-lkernel32 --sysroot=/usr/local/Cellar/mingw-w64/9.0.0_2/toolchain-i686 -m i386pe -Bdynamic -o cmTC_04005.exe /usr/local/Cellar/mingw-w64/9.0.0_2/toolchain-i686/lib/gcc/i686-w64-mingw32/11.2.0/../../../../i686-w64-mingw32/lib/../lib/crt2.o /usr/local/Cellar/mingw-w64/9.0.0_2/toolchain-i686/lib/gcc/i686-w64-mingw32/11.2.0/crtbegin.o -L/usr/local/Cellar/mingw-w64/9.0.0_2/toolchain-i686/lib/gcc/i686-w64-mingw32/11.2.0 -L/usr/local/Cellar/mingw-w64/9.0.0_2/toolchain-i686/lib/gcc/i686-w64-mingw32/11.2.0/../../../../i686-w64-mingw32/lib/../lib -L/usr/local/Cellar/mingw-w64/9.0.0_2/toolchain-i686/mingw/lib/../lib -L/usr/local/Cellar/mingw-w64/9.0.0_2/toolchain-i686/lib/gcc/i686-w64-mingw32/11.2.0/../../../../i686-w64-mingw32/lib -L/usr/local/Cellar/mingw-w64/9.0.0_2/toolchain-i686/mingw/lib -search_paths_first -headerpad_max_install_names -v CMakeFiles/cmTC_04005.dir/CMakeCCompilerABI.c.o -lmingw32 -lgcc -lgcc_eh -lmoldname -lmingwex -lmsvcrt -lkernel32 -lpthread -ladvapi32 -lshell32 -luser32 -lkernel32 -lmingw32 -lgcc -lgcc_eh -lmoldname -lmingwex -lmsvcrt -lkernel32 /usr/local/Cellar/mingw-w64/9.0.0_2/toolchain-i686/lib/gcc/i686-w64-mingw32/11.2.0/crtend.o
/usr/local/Cellar/mingw-w64/9.0.0_2/toolchain-i686/bin/i686-w64-mingw32-ld: Error: unable to disambiguate: -search_paths_first (did you mean --search_paths_first ?)
collect2: error: ld returned 1 exit status
make[1]: *** [cmTC_04005] Error 1
make: *** [cmTC_04005/fast] Error 2




Determining if the C compiler works failed with the following output:
Change Dir: /Users/lucamainardi/Desktop/Progetto Finale/build/CMakeFiles/CMakeTmp

Run Build Command(s):/usr/bin/make -f Makefile cmTC_cafe8/fast && /Library/Developer/CommandLineTools/usr/bin/make  -f CMakeFiles/cmTC_cafe8.dir/build.make CMakeFiles/cmTC_cafe8.dir/build
Building C object CMakeFiles/cmTC_cafe8.dir/testCCompiler.c.o
/usr/local/bin/i686-w64-mingw32-gcc-11.2.0   -isysroot /Library/Developer/CommandLineTools/SDKs/MacOSX12.1.sdk -o CMakeFiles/cmTC_cafe8.dir/testCCompiler.c.o -c "/Users/lucamainardi/Desktop/Progetto Finale/build/CMakeFiles/CMakeTmp/testCCompiler.c"
Linking C executable cmTC_cafe8
/usr/local/Cellar/cmake/3.22.0/bin/cmake -E cmake_link_script CMakeFiles/cmTC_cafe8.dir/link.txt --verbose=1
/usr/local/bin/i686-w64-mingw32-gcc-11.2.0  -isysroot /Library/Developer/CommandLineTools/SDKs/MacOSX12.1.sdk -Wl,-search_paths_first -Wl,-headerpad_max_install_names CMakeFiles/cmTC_cafe8.dir/testCCompiler.c.o -o cmTC_cafe8 
/usr/local/Cellar/mingw-w64/9.0.0_2/toolchain-i686/bin/i686-w64-mingw32-ld: Error: unable to disambiguate: -search_paths_first (did you mean --search_paths_first ?)
collect2: error: ld returned 1 exit status
make[1]: *** [cmTC_cafe8] Error 1
make: *** [cmTC_cafe8/fast] Error 2



Detecting C compiler ABI info failed to compile with the following output:
Change Dir: /Users/lucamainardi/Desktop/Progetto Finale/build/CMakeFiles/CMakeTmp

Run Build Command(s):/usr/bin/make -f Makefile cmTC_ec15b/fast && /Library/Developer/CommandLineTools/usr/bin/make  -f CMakeFiles/cmTC_ec15b.dir/build.make CMakeFiles/cmTC_ec15b.dir/build
Building C object CMakeFiles/cmTC_ec15b.dir/CMakeCCompilerABI.c.o
/usr/local/bin/i686-w64-mingw32-gcc-11.2.0   -isysroot /Library/Developer/CommandLineTools/SDKs/MacOSX12.1.sdk   -v -Wl,-v -o CMakeFiles/cmTC_ec15b.dir/CMakeCCompilerABI.c.o -c /usr/local/Cellar/cmake/3.22.0/share/cmake/Modules/CMakeCCompilerABI.c
Using built-in specs.
COLLECT_GCC=/usr/local/bin/i686-w64-mingw32-gcc-11.2.0
Target: i686-w64-mingw32
Configured with: ../configure --target=i686-w64-mingw32 --with-sysroot=/usr/local/Cellar/mingw-w64/9.0.0_2/toolchain-i686 --prefix=/usr/local/Cellar/mingw-w64/9.0.0_2/toolchain-i686 --with-bugurl=https://github.com/Homebrew/homebrew-core/issues --enable-languages=c,c++,fortran --with-ld=/usr/local/Cellar/mingw-w64/9.0.0_2/toolchain-i686/bin/i686-w64-mingw32-ld --with-as=/usr/local/Cellar/mingw-w64/9.0.0_2/toolchain-i686/bin/i686-w64-mingw32-as --with-gmp=/usr/local/opt/gmp --with-mpfr=/usr/local/opt/mpfr --with-mpc=/usr/local/opt/libmpc --with-isl=/usr/local/opt/isl --with-zstd=no --disable-multilib --disable-nls --enable-threads=posix
Thread model: posix
Supported LTO compression algorithms: zlib
gcc version 11.2.0 (GCC) 
COLLECT_GCC_OPTIONS='-isysroot' '/Library/Developer/CommandLineTools/SDKs/MacOSX12.1.sdk' '-v' '-o' 'CMakeFiles/cmTC_ec15b.dir/CMakeCCompilerABI.c.o' '-c' '-mtune=generic' '-march=pentiumpro' '-dumpdir' 'CMakeFiles/cmTC_ec15b.dir/'
 /usr/local/Cellar/mingw-w64/9.0.0_2/toolchain-i686/libexec/gcc/i686-w64-mingw32/11.2.0/cc1 -quiet -v -D_REENTRANT -isysroot /Library/Developer/CommandLineTools/SDKs/MacOSX12.1.sdk /usr/local/Cellar/cmake/3.22.0/share/cmake/Modules/CMakeCCompilerABI.c -quiet -dumpdir CMakeFiles/cmTC_ec15b.dir/ -dumpbase CMakeCCompilerABI.c.c -dumpbase-ext .c -mtune=generic -march=pentiumpro -version -o /var/folders/zy/l5hqnpfn0q53zjjzyx1pdsfh0000gn/T//ccq8CMzs.s
GNU C17 (GCC) version 11.2.0 (i686-w64-mingw32)
	compiled by GNU C version Apple LLVM 13.0.0 (clang-1300.0.29.3), GMP version 6.2.1, MPFR version 4.1.0, MPC version 1.2.1, isl version isl-0.24-GMP

GGC heuristics: --param ggc-min-expand=100 --param ggc-min-heapsize=131072
ignoring nonexistent directory "/Library/Developer/CommandLineTools/SDKs/MacOSX12.1.sdk/usr/local/include"
ignoring nonexistent directory "/Library/Developer/CommandLineTools/SDKs/MacOSX12.1.sdk/mingw/include"
#include "..." search starts here:
#include <...> search starts here:
 /usr/local/Cellar/mingw-w64/9.0.0_2/toolchain-i686/lib/gcc/i686-w64-mingw32/11.2.0/include
 /usr/local/Cellar/mingw-w64/9.0.0_2/toolchain-i686/lib/gcc/i686-w64-mingw32/11.2.0/include-fixed
 /usr/local/Cellar/mingw-w64/9.0.0_2/toolchain-i686/lib/gcc/i686-w64-mingw32/11.2.0/../../../../i686-w64-mingw32/include
End of search list.
GNU C17 (GCC) version 11.2.0 (i686-w64-mingw32)
	compiled by GNU C version Apple LLVM 13.0.0 (clang-1300.0.29.3), GMP version 6.2.1, MPFR version 4.1.0, MPC version 1.2.1, isl version isl-0.24-GMP

GGC heuristics: --param ggc-min-expand=100 --param ggc-min-heapsize=131072
Compiler executable checksum: 35c9045aa91ad8e8d3beff46a5a33b7b
COLLECT_GCC_OPTIONS='-isysroot' '/Library/Developer/CommandLineTools/SDKs/MacOSX12.1.sdk' '-v' '-o' 'CMakeFiles/cmTC_ec15b.dir/CMakeCCompilerABI.c.o' '-c' '-mtune=generic' '-march=pentiumpro' '-dumpdir' 'CMakeFiles/cmTC_ec15b.dir/'
 /usr/local/Cellar/mingw-w64/9.0.0_2/toolchain-i686/bin/i686-w64-mingw32-as -v -o CMakeFiles/cmTC_ec15b.dir/CMakeCCompilerABI.c.o /var/folders/zy/l5hqnpfn0q53zjjzyx1pdsfh0000gn/T//ccq8CMzs.s
GNU assembler version 2.37 (i686-w64-mingw32) using BFD version (GNU Binutils) 2.37
COMPILER_PATH=/usr/local/Cellar/mingw-w64/9.0.0_2/toolchain-i686/libexec/gcc/i686-w64-mingw32/11.2.0/:/usr/local/Cellar/mingw-w64/9.0.0_2/toolchain-i686/libexec/gcc/i686-w64-mingw32/11.2.0/:/usr/local/Cellar/mingw-w64/9.0.0_2/toolchain-i686/libexec/gcc/i686-w64-mingw32/:/usr/local/Cellar/mingw-w64/9.0.0_2/toolchain-i686/lib/gcc/i686-w64-mingw32/11.2.0/:/usr/local/Cellar/mingw-w64/9.0.0_2/toolchain-i686/lib/gcc/i686-w64-mingw32/:/usr/local/Cellar/mingw-w64/9.0.0_2/toolchain-i686/lib/gcc/i686-w64-mingw32/11.2.0/../../../../i686-w64-mingw32/bin/
LIBRARY_PATH=/usr/local/Cellar/mingw-w64/9.0.0_2/toolchain-i686/lib/gcc/i686-w64-mingw32/11.2.0/:/usr/local/Cellar/mingw-w64/9.0.0_2/toolchain-i686/lib/gcc/i686-w64-mingw32/11.2.0/../../../../i686-w64-mingw32/lib/../lib/:/usr/local/Cellar/mingw-w64/9.0.0_2/toolchain-i686/mingw/lib/../lib/:/usr/local/Cellar/mingw-w64/9.0.0_2/toolchain-i686/lib/gcc/i686-w64-mingw32/11.2.0/../../../../i686-w64-mingw32/lib/:/usr/local/Cellar/mingw-w64/9.0.0_2/toolchain-i686/mingw/lib/
COLLECT_GCC_OPTIONS='-isysroot' '/Library/Developer/CommandLineTools/SDKs/MacOSX12.1.sdk' '-v' '-o' 'CMakeFiles/cmTC_ec15b.dir/CMakeCCompilerABI.c.o' '-c' '-mtune=generic' '-march=pentiumpro' '-dumpdir' 'CMakeFiles/cmTC_ec15b.dir/CMakeCCompilerABI.c.'
Linking C executable cmTC_ec15b
/usr/local/Cellar/cmake/3.22.0/bin/cmake -E cmake_link_script CMakeFiles/cmTC_ec15b.dir/link.txt --verbose=1
/usr/local/bin/i686-w64-mingw32-gcc-11.2.0  -isysroot /Library/Developer/CommandLineTools/SDKs/MacOSX12.1.sdk -Wl,-search_paths_first -Wl,-headerpad_max_install_names  -v -Wl,-v CMakeFiles/cmTC_ec15b.dir/CMakeCCompilerABI.c.o -o cmTC_ec15b 
Using built-in specs.
COLLECT_GCC=/usr/local/bin/i686-w64-mingw32-gcc-11.2.0
COLLECT_LTO_WRAPPER=/usr/local/Cellar/mingw-w64/9.0.0_2/toolchain-i686/libexec/gcc/i686-w64-mingw32/11.2.0/lto-wrapper
Target: i686-w64-mingw32
Configured with: ../configure --target=i686-w64-mingw32 --with-sysroot=/usr/local/Cellar/mingw-w64/9.0.0_2/toolchain-i686 --prefix=/usr/local/Cellar/mingw-w64/9.0.0_2/toolchain-i686 --with-bugurl=https://github.com/Homebrew/homebrew-core/issues --enable-languages=c,c++,fortran --with-ld=/usr/local/Cellar/mingw-w64/9.0.0_2/toolchain-i686/bin/i686-w64-mingw32-ld --with-as=/usr/local/Cellar/mingw-w64/9.0.0_2/toolchain-i686/bin/i686-w64-mingw32-as --with-gmp=/usr/local/opt/gmp --with-mpfr=/usr/local/opt/mpfr --with-mpc=/usr/local/opt/libmpc --with-isl=/usr/local/opt/isl --with-zstd=no --disable-multilib --disable-nls --enable-threads=posix
Thread model: posix
Supported LTO compression algorithms: zlib
gcc version 11.2.0 (GCC) 
COMPILER_PATH=/usr/local/Cellar/mingw-w64/9.0.0_2/toolchain-i686/libexec/gcc/i686-w64-mingw32/11.2.0/:/usr/local/Cellar/mingw-w64/9.0.0_2/toolchain-i686/libexec/gcc/i686-w64-mingw32/11.2.0/:/usr/local/Cellar/mingw-w64/9.0.0_2/toolchain-i686/libexec/gcc/i686-w64-mingw32/:/usr/local/Cellar/mingw-w64/9.0.0_2/toolchain-i686/lib/gcc/i686-w64-mingw32/11.2.0/:/usr/local/Cellar/mingw-w64/9.0.0_2/toolchain-i686/lib/gcc/i686-w64-mingw32/:/usr/local/Cellar/mingw-w64/9.0.0_2/toolchain-i686/lib/gcc/i686-w64-mingw32/11.2.0/../../../../i686-w64-mingw32/bin/
LIBRARY_PATH=/usr/local/Cellar/mingw-w64/9.0.0_2/toolchain-i686/lib/gcc/i686-w64-mingw32/11.2.0/:/usr/local/Cellar/mingw-w64/9.0.0_2/toolchain-i686/lib/gcc/i686-w64-mingw32/11.2.0/../../../../i686-w64-mingw32/lib/../lib/:/usr/local/Cellar/mingw-w64/9.0.0_2/toolchain-i686/mingw/lib/../lib/:/usr/local/Cellar/mingw-w64/9.0.0_2/toolchain-i686/lib/gcc/i686-w64-mingw32/11.2.0/../../../../i686-w64-mingw32/lib/:/usr/local/Cellar/mingw-w64/9.0.0_2/toolchain-i686/mingw/lib/
COLLECT_GCC_OPTIONS='-isysroot' '/Library/Developer/CommandLineTools/SDKs/MacOSX12.1.sdk' '-v' '-o' 'cmTC_ec15b.exe' '-mtune=generic' '-march=pentiumpro' '-dumpdir' 'cmTC_ec15b.'
 /usr/local/Cellar/mingw-w64/9.0.0_2/toolchain-i686/libexec/gcc/i686-w64-mingw32/11.2.0/collect2 -plugin /usr/local/Cellar/mingw-w64/9.0.0_2/toolchain-i686/libexec/gcc/i686-w64-mingw32/11.2.0/liblto_plugin.so -plugin-opt=/usr/local/Cellar/mingw-w64/9.0.0_2/toolchain-i686/libexec/gcc/i686-w64-mingw32/11.2.0/lto-wrapper -plugin-opt=-fresolution=/var/folders/zy/l5hqnpfn0q53zjjzyx1pdsfh0000gn/T//ccfanuQI.res -plugin-opt=-pass-through=-lmingw32 -plugin-opt=-pass-through=-lgcc -plugin-opt=-pass-through=-lgcc_eh -plugin-opt=-pass-through=-lmoldname -plugin-opt=-pass-through=-lmingwex -plugin-opt=-pass-through=-lmsvcrt -plugin-opt=-pass-through=-lkernel32 -plugin-opt=-pass-through=-lpthread -plugin-opt=-pass-through=-ladvapi32 -plugin-opt=-pass-through=-lshell32 -plugin-opt=-pass-through=-luser32 -plugin-opt=-pass-through=-lkernel32 -plugin-opt=-pass-through=-lmingw32 -plugin-opt=-pass-through=-lgcc -plugin-opt=-pass-through=-lgcc_eh -plugin-opt=-pass-through=-lmoldname -plugin-opt=-pass-through=-lmingwex -plugin-opt=-pass-through=-lmsvcrt -plugin-opt=-pass-through=-lkernel32 --sysroot=/usr/local/Cellar/mingw-w64/9.0.0_2/toolchain-i686 -m i386pe -Bdynamic -o cmTC_ec15b.exe /usr/local/Cellar/mingw-w64/9.0.0_2/toolchain-i686/lib/gcc/i686-w64-mingw32/11.2.0/../../../../i686-w64-mingw32/lib/../lib/crt2.o /usr/local/Cellar/mingw-w64/9.0.0_2/toolchain-i686/lib/gcc/i686-w64-mingw32/11.2.0/crtbegin.o -L/usr/local/Cellar/mingw-w64/9.0.0_2/toolchain-i686/lib/gcc/i686-w64-mingw32/11.2.0 -L/usr/local/Cellar/mingw-w64/9.0.0_2/toolchain-i686/lib/gcc/i686-w64-mingw32/11.2.0/../../../../i686-w64-mingw32/lib/../lib -L/usr/local/Cellar/mingw-w64/9.0.0_2/toolchain-i686/mingw/lib/../lib -L/usr/local/Cellar/mingw-w64/9.0.0_2/toolchain-i686/lib/gcc/i686-w64-mingw32/11.2.0/../../../../i686-w64-mingw32/lib -L/usr/local/Cellar/mingw-w64/9.0.0_2/toolchain-i686/mingw/lib -search_paths_first -headerpad_max_install_names -v CMakeFiles/cmTC_ec15b.dir/CMakeCCompilerABI.c.o -lmingw32 -lgcc -lgcc_eh -lmoldname -lmingwex -lmsvcrt -lkernel32 -lpthread -ladvapi32 -lshell32 -luser32 -lkernel32 -lmingw32 -lgcc -lgcc_eh -lmoldname -lmingwex -lmsvcrt -lkernel32 /usr/local/Cellar/mingw-w64/9.0.0_2/toolchain-i686/lib/gcc/i686-w64-mingw32/11.2.0/crtend.o
collect2 version 11.2.0
/usr/local/Cellar/mingw-w64/9.0.0_2/toolchain-i686/bin/i686-w64-mingw32-ld -plugin /usr/local/Cellar/mingw-w64/9.0.0_2/toolchain-i686/libexec/gcc/i686-w64-mingw32/11.2.0/liblto_plugin.so -plugin-opt=/usr/local/Cellar/mingw-w64/9.0.0_2/toolchain-i686/libexec/gcc/i686-w64-mingw32/11.2.0/lto-wrapper -plugin-opt=-fresolution=/var/folders/zy/l5hqnpfn0q53zjjzyx1pdsfh0000gn/T//ccfanuQI.res -plugin-opt=-pass-through=-lmingw32 -plugin-opt=-pass-through=-lgcc -plugin-opt=-pass-through=-lgcc_eh -plugin-opt=-pass-through=-lmoldname -plugin-opt=-pass-through=-lmingwex -plugin-opt=-pass-through=-lmsvcrt -plugin-opt=-pass-through=-lkernel32 -plugin-opt=-pass-through=-lpthread -plugin-opt=-pass-through=-ladvapi32 -plugin-opt=-pass-through=-lshell32 -plugin-opt=-pass-through=-luser32 -plugin-opt=-pass-through=-lkernel32 -plugin-opt=-pass-through=-lmingw32 -plugin-opt=-pass-through=-lgcc -plugin-opt=-pass-through=-lgcc_eh -plugin-opt=-pass-through=-lmoldname -plugin-opt=-pass-through=-lmingwex -plugin-opt=-pass-through=-lmsvcrt -plugin-opt=-pass-through=-lkernel32 --sysroot=/usr/local/Cellar/mingw-w64/9.0.0_2/toolchain-i686 -m i386pe -Bdynamic -o cmTC_ec15b.exe /usr/local/Cellar/mingw-w64/9.0.0_2/toolchain-i686/lib/gcc/i686-w64-mingw32/11.2.0/../../../../i686-w64-mingw32/lib/../lib/crt2.o /usr/local/Cellar/mingw-w64/9.0.0_2/toolchain-i686/lib/gcc/i686-w64-mingw32/11.2.0/crtbegin.o -L/usr/local/Cellar/mingw-w64/9.0.0_2/toolchain-i686/lib/gcc/i686-w64-mingw32/11.2.0 -L/usr/local/Cellar/mingw-w64/9.0.0_2/toolchain-i686/lib/gcc/i686-w64-mingw32/11.2.0/../../../../i686-w64-mingw32/lib/../lib -L/usr/local/Cellar/mingw-w64/9.0.0_2/toolchain-i686/mingw/lib/../lib -L/usr/local/Cellar/mingw-w64/9.0.0_2/toolchain-i686/lib/gcc/i686-w64-mingw32/11.2.0/../../../../i686-w64-mingw32/lib -L/usr/local/Cellar/mingw-w64/9.0.0_2/toolchain-i686/mingw/lib -search_paths_first -headerpad_max_install_names -v CMakeFiles/cmTC_ec15b.dir/CMakeCCompilerABI.c.o -lmingw32 -lgcc -lgcc_eh -lmoldname -lmingwex -lmsvcrt -lkernel32 -lpthread -ladvapi32 -lshell32 -luser32 -lkernel32 -lmingw32 -lgcc -lgcc_eh -lmoldname -lmingwex -lmsvcrt -lkernel32 /usr/local/Cellar/mingw-w64/9.0.0_2/toolchain-i686/lib/gcc/i686-w64-mingw32/11.2.0/crtend.o
/usr/local/Cellar/mingw-w64/9.0.0_2/toolchain-i686/bin/i686-w64-mingw32-ld: Error: unable to disambiguate: -search_paths_first (did you mean --search_paths_first ?)
collect2: error: ld returned 1 exit status
make[1]: *** [cmTC_ec15b] Error 1
make: *** [cmTC_ec15b/fast] Error 2




Determining if the C compiler works failed with the following output:
Change Dir: /Users/lucamainardi/Desktop/Progetto Finale/build/CMakeFiles/CMakeTmp

Run Build Command(s):/usr/bin/make -f Makefile cmTC_d7f92/fast && /Library/Developer/CommandLineTools/usr/bin/make  -f CMakeFiles/cmTC_d7f92.dir/build.make CMakeFiles/cmTC_d7f92.dir/build
Building C object CMakeFiles/cmTC_d7f92.dir/testCCompiler.c.o
/usr/local/bin/i686-w64-mingw32-gcc-11.2.0   -isysroot /Library/Developer/CommandLineTools/SDKs/MacOSX12.1.sdk -o CMakeFiles/cmTC_d7f92.dir/testCCompiler.c.o -c "/Users/lucamainardi/Desktop/Progetto Finale/build/CMakeFiles/CMakeTmp/testCCompiler.c"
Linking C executable cmTC_d7f92
/usr/local/Cellar/cmake/3.22.0/bin/cmake -E cmake_link_script CMakeFiles/cmTC_d7f92.dir/link.txt --verbose=1
/usr/local/bin/i686-w64-mingw32-gcc-11.2.0  -isysroot /Library/Developer/CommandLineTools/SDKs/MacOSX12.1.sdk -Wl,-search_paths_first -Wl,-headerpad_max_install_names CMakeFiles/cmTC_d7f92.dir/testCCompiler.c.o -o cmTC_d7f92 
/usr/local/Cellar/mingw-w64/9.0.0_2/toolchain-i686/bin/i686-w64-mingw32-ld: Error: unable to disambiguate: -search_paths_first (did you mean --search_paths_first ?)
collect2: error: ld returned 1 exit status
make[1]: *** [cmTC_d7f92] Error 1
make: *** [cmTC_d7f92/fast] Error 2



Detecting C compiler ABI info failed to compile with the following output:
Change Dir: /Users/lucamainardi/Desktop/Progetto Finale/build/CMakeFiles/CMakeTmp

Run Build Command(s):/usr/bin/make -f Makefile cmTC_cad9b/fast && /Library/Developer/CommandLineTools/usr/bin/make  -f CMakeFiles/cmTC_cad9b.dir/build.make CMakeFiles/cmTC_cad9b.dir/build
Building C object CMakeFiles/cmTC_cad9b.dir/CMakeCCompilerABI.c.o
/usr/local/bin/i686-w64-mingw32-gcc-11.2.0   -isysroot /Library/Developer/CommandLineTools/SDKs/MacOSX12.1.sdk   -v -Wl,-v -o CMakeFiles/cmTC_cad9b.dir/CMakeCCompilerABI.c.o -c /usr/local/Cellar/cmake/3.22.0/share/cmake/Modules/CMakeCCompilerABI.c
Using built-in specs.
COLLECT_GCC=/usr/local/bin/i686-w64-mingw32-gcc-11.2.0
Target: i686-w64-mingw32
Configured with: ../configure --target=i686-w64-mingw32 --with-sysroot=/usr/local/Cellar/mingw-w64/9.0.0_2/toolchain-i686 --prefix=/usr/local/Cellar/mingw-w64/9.0.0_2/toolchain-i686 --with-bugurl=https://github.com/Homebrew/homebrew-core/issues --enable-languages=c,c++,fortran --with-ld=/usr/local/Cellar/mingw-w64/9.0.0_2/toolchain-i686/bin/i686-w64-mingw32-ld --with-as=/usr/local/Cellar/mingw-w64/9.0.0_2/toolchain-i686/bin/i686-w64-mingw32-as --with-gmp=/usr/local/opt/gmp --with-mpfr=/usr/local/opt/mpfr --with-mpc=/usr/local/opt/libmpc --with-isl=/usr/local/opt/isl --with-zstd=no --disable-multilib --disable-nls --enable-threads=posix
Thread model: posix
Supported LTO compression algorithms: zlib
gcc version 11.2.0 (GCC) 
COLLECT_GCC_OPTIONS='-isysroot' '/Library/Developer/CommandLineTools/SDKs/MacOSX12.1.sdk' '-v' '-o' 'CMakeFiles/cmTC_cad9b.dir/CMakeCCompilerABI.c.o' '-c' '-mtune=generic' '-march=pentiumpro' '-dumpdir' 'CMakeFiles/cmTC_cad9b.dir/'
 /usr/local/Cellar/mingw-w64/9.0.0_2/toolchain-i686/libexec/gcc/i686-w64-mingw32/11.2.0/cc1 -quiet -v -D_REENTRANT -isysroot /Library/Developer/CommandLineTools/SDKs/MacOSX12.1.sdk /usr/local/Cellar/cmake/3.22.0/share/cmake/Modules/CMakeCCompilerABI.c -quiet -dumpdir CMakeFiles/cmTC_cad9b.dir/ -dumpbase CMakeCCompilerABI.c.c -dumpbase-ext .c -mtune=generic -march=pentiumpro -version -o /var/folders/zy/l5hqnpfn0q53zjjzyx1pdsfh0000gn/T//ccjNxs7s.s
GNU C17 (GCC) version 11.2.0 (i686-w64-mingw32)
	compiled by GNU C version Apple LLVM 13.0.0 (clang-1300.0.29.3), GMP version 6.2.1, MPFR version 4.1.0, MPC version 1.2.1, isl version isl-0.24-GMP

GGC heuristics: --param ggc-min-expand=100 --param ggc-min-heapsize=131072
ignoring nonexistent directory "/Library/Developer/CommandLineTools/SDKs/MacOSX12.1.sdk/usr/local/include"
ignoring nonexistent directory "/Library/Developer/CommandLineTools/SDKs/MacOSX12.1.sdk/mingw/include"
#include "..." search starts here:
#include <...> search starts here:
 /usr/local/Cellar/mingw-w64/9.0.0_2/toolchain-i686/lib/gcc/i686-w64-mingw32/11.2.0/include
 /usr/local/Cellar/mingw-w64/9.0.0_2/toolchain-i686/lib/gcc/i686-w64-mingw32/11.2.0/include-fixed
 /usr/local/Cellar/mingw-w64/9.0.0_2/toolchain-i686/lib/gcc/i686-w64-mingw32/11.2.0/../../../../i686-w64-mingw32/include
End of search list.
GNU C17 (GCC) version 11.2.0 (i686-w64-mingw32)
	compiled by GNU C version Apple LLVM 13.0.0 (clang-1300.0.29.3), GMP version 6.2.1, MPFR version 4.1.0, MPC version 1.2.1, isl version isl-0.24-GMP

GGC heuristics: --param ggc-min-expand=100 --param ggc-min-heapsize=131072
Compiler executable checksum: 35c9045aa91ad8e8d3beff46a5a33b7b
COLLECT_GCC_OPTIONS='-isysroot' '/Library/Developer/CommandLineTools/SDKs/MacOSX12.1.sdk' '-v' '-o' 'CMakeFiles/cmTC_cad9b.dir/CMakeCCompilerABI.c.o' '-c' '-mtune=generic' '-march=pentiumpro' '-dumpdir' 'CMakeFiles/cmTC_cad9b.dir/'
 /usr/local/Cellar/mingw-w64/9.0.0_2/toolchain-i686/bin/i686-w64-mingw32-as -v -o CMakeFiles/cmTC_cad9b.dir/CMakeCCompilerABI.c.o /var/folders/zy/l5hqnpfn0q53zjjzyx1pdsfh0000gn/T//ccjNxs7s.s
GNU assembler version 2.37 (i686-w64-mingw32) using BFD version (GNU Binutils) 2.37
COMPILER_PATH=/usr/local/Cellar/mingw-w64/9.0.0_2/toolchain-i686/libexec/gcc/i686-w64-mingw32/11.2.0/:/usr/local/Cellar/mingw-w64/9.0.0_2/toolchain-i686/libexec/gcc/i686-w64-mingw32/11.2.0/:/usr/local/Cellar/mingw-w64/9.0.0_2/toolchain-i686/libexec/gcc/i686-w64-mingw32/:/usr/local/Cellar/mingw-w64/9.0.0_2/toolchain-i686/lib/gcc/i686-w64-mingw32/11.2.0/:/usr/local/Cellar/mingw-w64/9.0.0_2/toolchain-i686/lib/gcc/i686-w64-mingw32/:/usr/local/Cellar/mingw-w64/9.0.0_2/toolchain-i686/lib/gcc/i686-w64-mingw32/11.2.0/../../../../i686-w64-mingw32/bin/
LIBRARY_PATH=/usr/local/Cellar/mingw-w64/9.0.0_2/toolchain-i686/lib/gcc/i686-w64-mingw32/11.2.0/:/usr/local/Cellar/mingw-w64/9.0.0_2/toolchain-i686/lib/gcc/i686-w64-mingw32/11.2.0/../../../../i686-w64-mingw32/lib/../lib/:/usr/local/Cellar/mingw-w64/9.0.0_2/toolchain-i686/mingw/lib/../lib/:/usr/local/Cellar/mingw-w64/9.0.0_2/toolchain-i686/lib/gcc/i686-w64-mingw32/11.2.0/../../../../i686-w64-mingw32/lib/:/usr/local/Cellar/mingw-w64/9.0.0_2/toolchain-i686/mingw/lib/
COLLECT_GCC_OPTIONS='-isysroot' '/Library/Developer/CommandLineTools/SDKs/MacOSX12.1.sdk' '-v' '-o' 'CMakeFiles/cmTC_cad9b.dir/CMakeCCompilerABI.c.o' '-c' '-mtune=generic' '-march=pentiumpro' '-dumpdir' 'CMakeFiles/cmTC_cad9b.dir/CMakeCCompilerABI.c.'
Linking C executable cmTC_cad9b
/usr/local/Cellar/cmake/3.22.0/bin/cmake -E cmake_link_script CMakeFiles/cmTC_cad9b.dir/link.txt --verbose=1
/usr/local/bin/i686-w64-mingw32-gcc-11.2.0  -isysroot /Library/Developer/CommandLineTools/SDKs/MacOSX12.1.sdk -Wl,-search_paths_first -Wl,-headerpad_max_install_names  -v -Wl,-v CMakeFiles/cmTC_cad9b.dir/CMakeCCompilerABI.c.o -o cmTC_cad9b 
Using built-in specs.
COLLECT_GCC=/usr/local/bin/i686-w64-mingw32-gcc-11.2.0
COLLECT_LTO_WRAPPER=/usr/local/Cellar/mingw-w64/9.0.0_2/toolchain-i686/libexec/gcc/i686-w64-mingw32/11.2.0/lto-wrapper
Target: i686-w64-mingw32
Configured with: ../configure --target=i686-w64-mingw32 --with-sysroot=/usr/local/Cellar/mingw-w64/9.0.0_2/toolchain-i686 --prefix=/usr/local/Cellar/mingw-w64/9.0.0_2/toolchain-i686 --with-bugurl=https://github.com/Homebrew/homebrew-core/issues --enable-languages=c,c++,fortran --with-ld=/usr/local/Cellar/mingw-w64/9.0.0_2/toolchain-i686/bin/i686-w64-mingw32-ld --with-as=/usr/local/Cellar/mingw-w64/9.0.0_2/toolchain-i686/bin/i686-w64-mingw32-as --with-gmp=/usr/local/opt/gmp --with-mpfr=/usr/local/opt/mpfr --with-mpc=/usr/local/opt/libmpc --with-isl=/usr/local/opt/isl --with-zstd=no --disable-multilib --disable-nls --enable-threads=posix
Thread model: posix
Supported LTO compression algorithms: zlib
gcc version 11.2.0 (GCC) 
COMPILER_PATH=/usr/local/Cellar/mingw-w64/9.0.0_2/toolchain-i686/libexec/gcc/i686-w64-mingw32/11.2.0/:/usr/local/Cellar/mingw-w64/9.0.0_2/toolchain-i686/libexec/gcc/i686-w64-mingw32/11.2.0/:/usr/local/Cellar/mingw-w64/9.0.0_2/toolchain-i686/libexec/gcc/i686-w64-mingw32/:/usr/local/Cellar/mingw-w64/9.0.0_2/toolchain-i686/lib/gcc/i686-w64-mingw32/11.2.0/:/usr/local/Cellar/mingw-w64/9.0.0_2/toolchain-i686/lib/gcc/i686-w64-mingw32/:/usr/local/Cellar/mingw-w64/9.0.0_2/toolchain-i686/lib/gcc/i686-w64-mingw32/11.2.0/../../../../i686-w64-mingw32/bin/
LIBRARY_PATH=/usr/local/Cellar/mingw-w64/9.0.0_2/toolchain-i686/lib/gcc/i686-w64-mingw32/11.2.0/:/usr/local/Cellar/mingw-w64/9.0.0_2/toolchain-i686/lib/gcc/i686-w64-mingw32/11.2.0/../../../../i686-w64-mingw32/lib/../lib/:/usr/local/Cellar/mingw-w64/9.0.0_2/toolchain-i686/mingw/lib/../lib/:/usr/local/Cellar/mingw-w64/9.0.0_2/toolchain-i686/lib/gcc/i686-w64-mingw32/11.2.0/../../../../i686-w64-mingw32/lib/:/usr/local/Cellar/mingw-w64/9.0.0_2/toolchain-i686/mingw/lib/
COLLECT_GCC_OPTIONS='-isysroot' '/Library/Developer/CommandLineTools/SDKs/MacOSX12.1.sdk' '-v' '-o' 'cmTC_cad9b.exe' '-mtune=generic' '-march=pentiumpro' '-dumpdir' 'cmTC_cad9b.'
 /usr/local/Cellar/mingw-w64/9.0.0_2/toolchain-i686/libexec/gcc/i686-w64-mingw32/11.2.0/collect2 -plugin /usr/local/Cellar/mingw-w64/9.0.0_2/toolchain-i686/libexec/gcc/i686-w64-mingw32/11.2.0/liblto_plugin.so -plugin-opt=/usr/local/Cellar/mingw-w64/9.0.0_2/toolchain-i686/libexec/gcc/i686-w64-mingw32/11.2.0/lto-wrapper -plugin-opt=-fresolution=/var/folders/zy/l5hqnpfn0q53zjjzyx1pdsfh0000gn/T//ccf237s7.res -plugin-opt=-pass-through=-lmingw32 -plugin-opt=-pass-through=-lgcc -plugin-opt=-pass-through=-lgcc_eh -plugin-opt=-pass-through=-lmoldname -plugin-opt=-pass-through=-lmingwex -plugin-opt=-pass-through=-lmsvcrt -plugin-opt=-pass-through=-lkernel32 -plugin-opt=-pass-through=-lpthread -plugin-opt=-pass-through=-ladvapi32 -plugin-opt=-pass-through=-lshell32 -plugin-opt=-pass-through=-luser32 -plugin-opt=-pass-through=-lkernel32 -plugin-opt=-pass-through=-lmingw32 -plugin-opt=-pass-through=-lgcc -plugin-opt=-pass-through=-lgcc_eh -plugin-opt=-pass-through=-lmoldname -plugin-opt=-pass-through=-lmingwex -plugin-opt=-pass-through=-lmsvcrt -plugin-opt=-pass-through=-lkernel32 --sysroot=/usr/local/Cellar/mingw-w64/9.0.0_2/toolchain-i686 -m i386pe -Bdynamic -o cmTC_cad9b.exe /usr/local/Cellar/mingw-w64/9.0.0_2/toolchain-i686/lib/gcc/i686-w64-mingw32/11.2.0/../../../../i686-w64-mingw32/lib/../lib/crt2.o /usr/local/Cellar/mingw-w64/9.0.0_2/toolchain-i686/lib/gcc/i686-w64-mingw32/11.2.0/crtbegin.o -L/usr/local/Cellar/mingw-w64/9.0.0_2/toolchain-i686/lib/gcc/i686-w64-mingw32/11.2.0 -L/usr/local/Cellar/mingw-w64/9.0.0_2/toolchain-i686/lib/gcc/i686-w64-mingw32/11.2.0/../../../../i686-w64-mingw32/lib/../lib -L/usr/local/Cellar/mingw-w64/9.0.0_2/toolchain-i686/mingw/lib/../lib -L/usr/local/Cellar/mingw-w64/9.0.0_2/toolchain-i686/lib/gcc/i686-w64-mingw32/11.2.0/../../../../i686-w64-mingw32/lib -L/usr/local/Cellar/mingw-w64/9.0.0_2/toolchain-i686/mingw/lib -search_paths_first -headerpad_max_install_names -v CMakeFiles/cmTC_cad9b.dir/CMakeCCompilerABI.c.o -lmingw32 -lgcc -lgcc_eh -lmoldname -lmingwex -lmsvcrt -lkernel32 -lpthread -ladvapi32 -lshell32 -luser32 -lkernel32 -lmingw32 -lgcc -lgcc_eh -lmoldname -lmingwex -lmsvcrt -lkernel32 /usr/local/Cellar/mingw-w64/9.0.0_2/toolchain-i686/lib/gcc/i686-w64-mingw32/11.2.0/crtend.o
collect2 version 11.2.0
/usr/local/Cellar/mingw-w64/9.0.0_2/toolchain-i686/bin/i686-w64-mingw32-ld -plugin /usr/local/Cellar/mingw-w64/9.0.0_2/toolchain-i686/libexec/gcc/i686-w64-mingw32/11.2.0/liblto_plugin.so -plugin-opt=/usr/local/Cellar/mingw-w64/9.0.0_2/toolchain-i686/libexec/gcc/i686-w64-mingw32/11.2.0/lto-wrapper -plugin-opt=-fresolution=/var/folders/zy/l5hqnpfn0q53zjjzyx1pdsfh0000gn/T//ccf237s7.res -plugin-opt=-pass-through=-lmingw32 -plugin-opt=-pass-through=-lgcc -plugin-opt=-pass-through=-lgcc_eh -plugin-opt=-pass-through=-lmoldname -plugin-opt=-pass-through=-lmingwex -plugin-opt=-pass-through=-lmsvcrt -plugin-opt=-pass-through=-lkernel32 -plugin-opt=-pass-through=-lpthread -plugin-opt=-pass-through=-ladvapi32 -plugin-opt=-pass-through=-lshell32 -plugin-opt=-pass-through=-luser32 -plugin-opt=-pass-through=-lkernel32 -plugin-opt=-pass-through=-lmingw32 -plugin-opt=-pass-through=-lgcc -plugin-opt=-pass-through=-lgcc_eh -plugin-opt=-pass-through=-lmoldname -plugin-opt=-pass-through=-lmingwex -plugin-opt=-pass-through=-lmsvcrt -plugin-opt=-pass-through=-lkernel32 --sysroot=/usr/local/Cellar/mingw-w64/9.0.0_2/toolchain-i686 -m i386pe -Bdynamic -o cmTC_cad9b.exe /usr/local/Cellar/mingw-w64/9.0.0_2/toolchain-i686/lib/gcc/i686-w64-mingw32/11.2.0/../../../../i686-w64-mingw32/lib/../lib/crt2.o /usr/local/Cellar/mingw-w64/9.0.0_2/toolchain-i686/lib/gcc/i686-w64-mingw32/11.2.0/crtbegin.o -L/usr/local/Cellar/mingw-w64/9.0.0_2/toolchain-i686/lib/gcc/i686-w64-mingw32/11.2.0 -L/usr/local/Cellar/mingw-w64/9.0.0_2/toolchain-i686/lib/gcc/i686-w64-mingw32/11.2.0/../../../../i686-w64-mingw32/lib/../lib -L/usr/local/Cellar/mingw-w64/9.0.0_2/toolchain-i686/mingw/lib/../lib -L/usr/local/Cellar/mingw-w64/9.0.0_2/toolchain-i686/lib/gcc/i686-w64-mingw32/11.2.0/../../../../i686-w64-mingw32/lib -L/usr/local/Cellar/mingw-w64/9.0.0_2/toolchain-i686/mingw/lib -search_paths_first -headerpad_max_install_names -v CMakeFiles/cmTC_cad9b.dir/CMakeCCompilerABI.c.o -lmingw32 -lgcc -lgcc_eh -lmoldname -lmingwex -lmsvcrt -lkernel32 -lpthread -ladvapi32 -lshell32 -luser32 -lkernel32 -lmingw32 -lgcc -lgcc_eh -lmoldname -lmingwex -lmsvcrt -lkernel32 /usr/local/Cellar/mingw-w64/9.0.0_2/toolchain-i686/lib/gcc/i686-w64-mingw32/11.2.0/crtend.o
/usr/local/Cellar/mingw-w64/9.0.0_2/toolchain-i686/bin/i686-w64-mingw32-ld: Error: unable to disambiguate: -search_paths_first (did you mean --search_paths_first ?)
collect2: error: ld returned 1 exit status
make[1]: *** [cmTC_cad9b] Error 1
make: *** [cmTC_cad9b/fast] Error 2




Determining if the C compiler works failed with the following output:
Change Dir: /Users/lucamainardi/Desktop/Progetto Finale/build/CMakeFiles/CMakeTmp

Run Build Command(s):/usr/bin/make -f Makefile cmTC_0645e/fast && /Library/Developer/CommandLineTools/usr/bin/make  -f CMakeFiles/cmTC_0645e.dir/build.make CMakeFiles/cmTC_0645e.dir/build
Building C object CMakeFiles/cmTC_0645e.dir/testCCompiler.c.o
/usr/local/bin/i686-w64-mingw32-gcc-11.2.0   -isysroot /Library/Developer/CommandLineTools/SDKs/MacOSX12.1.sdk -o CMakeFiles/cmTC_0645e.dir/testCCompiler.c.o -c "/Users/lucamainardi/Desktop/Progetto Finale/build/CMakeFiles/CMakeTmp/testCCompiler.c"
Linking C executable cmTC_0645e
/usr/local/Cellar/cmake/3.22.0/bin/cmake -E cmake_link_script CMakeFiles/cmTC_0645e.dir/link.txt --verbose=1
/usr/local/bin/i686-w64-mingw32-gcc-11.2.0  -isysroot /Library/Developer/CommandLineTools/SDKs/MacOSX12.1.sdk -Wl,-search_paths_first -Wl,-headerpad_max_install_names CMakeFiles/cmTC_0645e.dir/testCCompiler.c.o -o cmTC_0645e 
/usr/local/Cellar/mingw-w64/9.0.0_2/toolchain-i686/bin/i686-w64-mingw32-ld: Error: unable to disambiguate: -search_paths_first (did you mean --search_paths_first ?)
collect2: error: ld returned 1 exit status
make[1]: *** [cmTC_0645e] Error 1
make: *** [cmTC_0645e/fast] Error 2



Detecting C compiler ABI info failed to compile with the following output:
Change Dir: /Users/lucamainardi/Desktop/Progetto Finale/build/CMakeFiles/CMakeTmp

Run Build Command(s):/usr/bin/make -f Makefile cmTC_251aa/fast && /Library/Developer/CommandLineTools/usr/bin/make  -f CMakeFiles/cmTC_251aa.dir/build.make CMakeFiles/cmTC_251aa.dir/build
Building C object CMakeFiles/cmTC_251aa.dir/CMakeCCompilerABI.c.o
/usr/local/bin/i686-w64-mingw32-gcc-11.2.0   -isysroot /Library/Developer/CommandLineTools/SDKs/MacOSX12.1.sdk   -v -Wl,-v -o CMakeFiles/cmTC_251aa.dir/CMakeCCompilerABI.c.o -c /usr/local/Cellar/cmake/3.22.0/share/cmake/Modules/CMakeCCompilerABI.c
Using built-in specs.
COLLECT_GCC=/usr/local/bin/i686-w64-mingw32-gcc-11.2.0
Target: i686-w64-mingw32
Configured with: ../configure --target=i686-w64-mingw32 --with-sysroot=/usr/local/Cellar/mingw-w64/9.0.0_2/toolchain-i686 --prefix=/usr/local/Cellar/mingw-w64/9.0.0_2/toolchain-i686 --with-bugurl=https://github.com/Homebrew/homebrew-core/issues --enable-languages=c,c++,fortran --with-ld=/usr/local/Cellar/mingw-w64/9.0.0_2/toolchain-i686/bin/i686-w64-mingw32-ld --with-as=/usr/local/Cellar/mingw-w64/9.0.0_2/toolchain-i686/bin/i686-w64-mingw32-as --with-gmp=/usr/local/opt/gmp --with-mpfr=/usr/local/opt/mpfr --with-mpc=/usr/local/opt/libmpc --with-isl=/usr/local/opt/isl --with-zstd=no --disable-multilib --disable-nls --enable-threads=posix
Thread model: posix
Supported LTO compression algorithms: zlib
gcc version 11.2.0 (GCC) 
COLLECT_GCC_OPTIONS='-isysroot' '/Library/Developer/CommandLineTools/SDKs/MacOSX12.1.sdk' '-v' '-o' 'CMakeFiles/cmTC_251aa.dir/CMakeCCompilerABI.c.o' '-c' '-mtune=generic' '-march=pentiumpro' '-dumpdir' 'CMakeFiles/cmTC_251aa.dir/'
 /usr/local/Cellar/mingw-w64/9.0.0_2/toolchain-i686/libexec/gcc/i686-w64-mingw32/11.2.0/cc1 -quiet -v -D_REENTRANT -isysroot /Library/Developer/CommandLineTools/SDKs/MacOSX12.1.sdk /usr/local/Cellar/cmake/3.22.0/share/cmake/Modules/CMakeCCompilerABI.c -quiet -dumpdir CMakeFiles/cmTC_251aa.dir/ -dumpbase CMakeCCompilerABI.c.c -dumpbase-ext .c -mtune=generic -march=pentiumpro -version -o /var/folders/zy/l5hqnpfn0q53zjjzyx1pdsfh0000gn/T//ccE6jyW7.s
GNU C17 (GCC) version 11.2.0 (i686-w64-mingw32)
	compiled by GNU C version Apple LLVM 13.0.0 (clang-1300.0.29.3), GMP version 6.2.1, MPFR version 4.1.0, MPC version 1.2.1, isl version isl-0.24-GMP

GGC heuristics: --param ggc-min-expand=100 --param ggc-min-heapsize=131072
ignoring nonexistent directory "/Library/Developer/CommandLineTools/SDKs/MacOSX12.1.sdk/usr/local/include"
ignoring nonexistent directory "/Library/Developer/CommandLineTools/SDKs/MacOSX12.1.sdk/mingw/include"
#include "..." search starts here:
#include <...> search starts here:
 /usr/local/Cellar/mingw-w64/9.0.0_2/toolchain-i686/lib/gcc/i686-w64-mingw32/11.2.0/include
 /usr/local/Cellar/mingw-w64/9.0.0_2/toolchain-i686/lib/gcc/i686-w64-mingw32/11.2.0/include-fixed
 /usr/local/Cellar/mingw-w64/9.0.0_2/toolchain-i686/lib/gcc/i686-w64-mingw32/11.2.0/../../../../i686-w64-mingw32/include
End of search list.
GNU C17 (GCC) version 11.2.0 (i686-w64-mingw32)
	compiled by GNU C version Apple LLVM 13.0.0 (clang-1300.0.29.3), GMP version 6.2.1, MPFR version 4.1.0, MPC version 1.2.1, isl version isl-0.24-GMP

GGC heuristics: --param ggc-min-expand=100 --param ggc-min-heapsize=131072
Compiler executable checksum: 35c9045aa91ad8e8d3beff46a5a33b7b
COLLECT_GCC_OPTIONS='-isysroot' '/Library/Developer/CommandLineTools/SDKs/MacOSX12.1.sdk' '-v' '-o' 'CMakeFiles/cmTC_251aa.dir/CMakeCCompilerABI.c.o' '-c' '-mtune=generic' '-march=pentiumpro' '-dumpdir' 'CMakeFiles/cmTC_251aa.dir/'
 /usr/local/Cellar/mingw-w64/9.0.0_2/toolchain-i686/bin/i686-w64-mingw32-as -v -o CMakeFiles/cmTC_251aa.dir/CMakeCCompilerABI.c.o /var/folders/zy/l5hqnpfn0q53zjjzyx1pdsfh0000gn/T//ccE6jyW7.s
GNU assembler version 2.37 (i686-w64-mingw32) using BFD version (GNU Binutils) 2.37
COMPILER_PATH=/usr/local/Cellar/mingw-w64/9.0.0_2/toolchain-i686/libexec/gcc/i686-w64-mingw32/11.2.0/:/usr/local/Cellar/mingw-w64/9.0.0_2/toolchain-i686/libexec/gcc/i686-w64-mingw32/11.2.0/:/usr/local/Cellar/mingw-w64/9.0.0_2/toolchain-i686/libexec/gcc/i686-w64-mingw32/:/usr/local/Cellar/mingw-w64/9.0.0_2/toolchain-i686/lib/gcc/i686-w64-mingw32/11.2.0/:/usr/local/Cellar/mingw-w64/9.0.0_2/toolchain-i686/lib/gcc/i686-w64-mingw32/:/usr/local/Cellar/mingw-w64/9.0.0_2/toolchain-i686/lib/gcc/i686-w64-mingw32/11.2.0/../../../../i686-w64-mingw32/bin/
LIBRARY_PATH=/usr/local/Cellar/mingw-w64/9.0.0_2/toolchain-i686/lib/gcc/i686-w64-mingw32/11.2.0/:/usr/local/Cellar/mingw-w64/9.0.0_2/toolchain-i686/lib/gcc/i686-w64-mingw32/11.2.0/../../../../i686-w64-mingw32/lib/../lib/:/usr/local/Cellar/mingw-w64/9.0.0_2/toolchain-i686/mingw/lib/../lib/:/usr/local/Cellar/mingw-w64/9.0.0_2/toolchain-i686/lib/gcc/i686-w64-mingw32/11.2.0/../../../../i686-w64-mingw32/lib/:/usr/local/Cellar/mingw-w64/9.0.0_2/toolchain-i686/mingw/lib/
COLLECT_GCC_OPTIONS='-isysroot' '/Library/Developer/CommandLineTools/SDKs/MacOSX12.1.sdk' '-v' '-o' 'CMakeFiles/cmTC_251aa.dir/CMakeCCompilerABI.c.o' '-c' '-mtune=generic' '-march=pentiumpro' '-dumpdir' 'CMakeFiles/cmTC_251aa.dir/CMakeCCompilerABI.c.'
Linking C executable cmTC_251aa
/usr/local/Cellar/cmake/3.22.0/bin/cmake -E cmake_link_script CMakeFiles/cmTC_251aa.dir/link.txt --verbose=1
/usr/local/bin/i686-w64-mingw32-gcc-11.2.0  -isysroot /Library/Developer/CommandLineTools/SDKs/MacOSX12.1.sdk -Wl,-search_paths_first -Wl,-headerpad_max_install_names  -v -Wl,-v CMakeFiles/cmTC_251aa.dir/CMakeCCompilerABI.c.o -o cmTC_251aa 
Using built-in specs.
COLLECT_GCC=/usr/local/bin/i686-w64-mingw32-gcc-11.2.0
COLLECT_LTO_WRAPPER=/usr/local/Cellar/mingw-w64/9.0.0_2/toolchain-i686/libexec/gcc/i686-w64-mingw32/11.2.0/lto-wrapper
Target: i686-w64-mingw32
Configured with: ../configure --target=i686-w64-mingw32 --with-sysroot=/usr/local/Cellar/mingw-w64/9.0.0_2/toolchain-i686 --prefix=/usr/local/Cellar/mingw-w64/9.0.0_2/toolchain-i686 --with-bugurl=https://github.com/Homebrew/homebrew-core/issues --enable-languages=c,c++,fortran --with-ld=/usr/local/Cellar/mingw-w64/9.0.0_2/toolchain-i686/bin/i686-w64-mingw32-ld --with-as=/usr/local/Cellar/mingw-w64/9.0.0_2/toolchain-i686/bin/i686-w64-mingw32-as --with-gmp=/usr/local/opt/gmp --with-mpfr=/usr/local/opt/mpfr --with-mpc=/usr/local/opt/libmpc --with-isl=/usr/local/opt/isl --with-zstd=no --disable-multilib --disable-nls --enable-threads=posix
Thread model: posix
Supported LTO compression algorithms: zlib
gcc version 11.2.0 (GCC) 
COMPILER_PATH=/usr/local/Cellar/mingw-w64/9.0.0_2/toolchain-i686/libexec/gcc/i686-w64-mingw32/11.2.0/:/usr/local/Cellar/mingw-w64/9.0.0_2/toolchain-i686/libexec/gcc/i686-w64-mingw32/11.2.0/:/usr/local/Cellar/mingw-w64/9.0.0_2/toolchain-i686/libexec/gcc/i686-w64-mingw32/:/usr/local/Cellar/mingw-w64/9.0.0_2/toolchain-i686/lib/gcc/i686-w64-mingw32/11.2.0/:/usr/local/Cellar/mingw-w64/9.0.0_2/toolchain-i686/lib/gcc/i686-w64-mingw32/:/usr/local/Cellar/mingw-w64/9.0.0_2/toolchain-i686/lib/gcc/i686-w64-mingw32/11.2.0/../../../../i686-w64-mingw32/bin/
LIBRARY_PATH=/usr/local/Cellar/mingw-w64/9.0.0_2/toolchain-i686/lib/gcc/i686-w64-mingw32/11.2.0/:/usr/local/Cellar/mingw-w64/9.0.0_2/toolchain-i686/lib/gcc/i686-w64-mingw32/11.2.0/../../../../i686-w64-mingw32/lib/../lib/:/usr/local/Cellar/mingw-w64/9.0.0_2/toolchain-i686/mingw/lib/../lib/:/usr/local/Cellar/mingw-w64/9.0.0_2/toolchain-i686/lib/gcc/i686-w64-mingw32/11.2.0/../../../../i686-w64-mingw32/lib/:/usr/local/Cellar/mingw-w64/9.0.0_2/toolchain-i686/mingw/lib/
COLLECT_GCC_OPTIONS='-isysroot' '/Library/Developer/CommandLineTools/SDKs/MacOSX12.1.sdk' '-v' '-o' 'cmTC_251aa.exe' '-mtune=generic' '-march=pentiumpro' '-dumpdir' 'cmTC_251aa.'
 /usr/local/Cellar/mingw-w64/9.0.0_2/toolchain-i686/libexec/gcc/i686-w64-mingw32/11.2.0/collect2 -plugin /usr/local/Cellar/mingw-w64/9.0.0_2/toolchain-i686/libexec/gcc/i686-w64-mingw32/11.2.0/liblto_plugin.so -plugin-opt=/usr/local/Cellar/mingw-w64/9.0.0_2/toolchain-i686/libexec/gcc/i686-w64-mingw32/11.2.0/lto-wrapper -plugin-opt=-fresolution=/var/folders/zy/l5hqnpfn0q53zjjzyx1pdsfh0000gn/T//ccQnraS2.res -plugin-opt=-pass-through=-lmingw32 -plugin-opt=-pass-through=-lgcc -plugin-opt=-pass-through=-lgcc_eh -plugin-opt=-pass-through=-lmoldname -plugin-opt=-pass-through=-lmingwex -plugin-opt=-pass-through=-lmsvcrt -plugin-opt=-pass-through=-lkernel32 -plugin-opt=-pass-through=-lpthread -plugin-opt=-pass-through=-ladvapi32 -plugin-opt=-pass-through=-lshell32 -plugin-opt=-pass-through=-luser32 -plugin-opt=-pass-through=-lkernel32 -plugin-opt=-pass-through=-lmingw32 -plugin-opt=-pass-through=-lgcc -plugin-opt=-pass-through=-lgcc_eh -plugin-opt=-pass-through=-lmoldname -plugin-opt=-pass-through=-lmingwex -plugin-opt=-pass-through=-lmsvcrt -plugin-opt=-pass-through=-lkernel32 --sysroot=/usr/local/Cellar/mingw-w64/9.0.0_2/toolchain-i686 -m i386pe -Bdynamic -o cmTC_251aa.exe /usr/local/Cellar/mingw-w64/9.0.0_2/toolchain-i686/lib/gcc/i686-w64-mingw32/11.2.0/../../../../i686-w64-mingw32/lib/../lib/crt2.o /usr/local/Cellar/mingw-w64/9.0.0_2/toolchain-i686/lib/gcc/i686-w64-mingw32/11.2.0/crtbegin.o -L/usr/local/Cellar/mingw-w64/9.0.0_2/toolchain-i686/lib/gcc/i686-w64-mingw32/11.2.0 -L/usr/local/Cellar/mingw-w64/9.0.0_2/toolchain-i686/lib/gcc/i686-w64-mingw32/11.2.0/../../../../i686-w64-mingw32/lib/../lib -L/usr/local/Cellar/mingw-w64/9.0.0_2/toolchain-i686/mingw/lib/../lib -L/usr/local/Cellar/mingw-w64/9.0.0_2/toolchain-i686/lib/gcc/i686-w64-mingw32/11.2.0/../../../../i686-w64-mingw32/lib -L/usr/local/Cellar/mingw-w64/9.0.0_2/toolchain-i686/mingw/lib -search_paths_first -headerpad_max_install_names -v CMakeFiles/cmTC_251aa.dir/CMakeCCompilerABI.c.o -lmingw32 -lgcc -lgcc_eh -lmoldname -lmingwex -lmsvcrt -lkernel32 -lpthread -ladvapi32 -lshell32 -luser32 -lkernel32 -lmingw32 -lgcc -lgcc_eh -lmoldname -lmingwex -lmsvcrt -lkernel32 /usr/local/Cellar/mingw-w64/9.0.0_2/toolchain-i686/lib/gcc/i686-w64-mingw32/11.2.0/crtend.o
collect2 version 11.2.0
/usr/local/Cellar/mingw-w64/9.0.0_2/toolchain-i686/bin/i686-w64-mingw32-ld -plugin /usr/local/Cellar/mingw-w64/9.0.0_2/toolchain-i686/libexec/gcc/i686-w64-mingw32/11.2.0/liblto_plugin.so -plugin-opt=/usr/local/Cellar/mingw-w64/9.0.0_2/toolchain-i686/libexec/gcc/i686-w64-mingw32/11.2.0/lto-wrapper -plugin-opt=-fresolution=/var/folders/zy/l5hqnpfn0q53zjjzyx1pdsfh0000gn/T//ccQnraS2.res -plugin-opt=-pass-through=-lmingw32 -plugin-opt=-pass-through=-lgcc -plugin-opt=-pass-through=-lgcc_eh -plugin-opt=-pass-through=-lmoldname -plugin-opt=-pass-through=-lmingwex -plugin-opt=-pass-through=-lmsvcrt -plugin-opt=-pass-through=-lkernel32 -plugin-opt=-pass-through=-lpthread -plugin-opt=-pass-through=-ladvapi32 -plugin-opt=-pass-through=-lshell32 -plugin-opt=-pass-through=-luser32 -plugin-opt=-pass-through=-lkernel32 -plugin-opt=-pass-through=-lmingw32 -plugin-opt=-pass-through=-lgcc -plugin-opt=-pass-through=-lgcc_eh -plugin-opt=-pass-through=-lmoldname -plugin-opt=-pass-through=-lmingwex -plugin-opt=-pass-through=-lmsvcrt -plugin-opt=-pass-through=-lkernel32 --sysroot=/usr/local/Cellar/mingw-w64/9.0.0_2/toolchain-i686 -m i386pe -Bdynamic -o cmTC_251aa.exe /usr/local/Cellar/mingw-w64/9.0.0_2/toolchain-i686/lib/gcc/i686-w64-mingw32/11.2.0/../../../../i686-w64-mingw32/lib/../lib/crt2.o /usr/local/Cellar/mingw-w64/9.0.0_2/toolchain-i686/lib/gcc/i686-w64-mingw32/11.2.0/crtbegin.o -L/usr/local/Cellar/mingw-w64/9.0.0_2/toolchain-i686/lib/gcc/i686-w64-mingw32/11.2.0 -L/usr/local/Cellar/mingw-w64/9.0.0_2/toolchain-i686/lib/gcc/i686-w64-mingw32/11.2.0/../../../../i686-w64-mingw32/lib/../lib -L/usr/local/Cellar/mingw-w64/9.0.0_2/toolchain-i686/mingw/lib/../lib -L/usr/local/Cellar/mingw-w64/9.0.0_2/toolchain-i686/lib/gcc/i686-w64-mingw32/11.2.0/../../../../i686-w64-mingw32/lib -L/usr/local/Cellar/mingw-w64/9.0.0_2/toolchain-i686/mingw/lib -search_paths_first -headerpad_max_install_names -v CMakeFiles/cmTC_251aa.dir/CMakeCCompilerABI.c.o -lmingw32 -lgcc -lgcc_eh -lmoldname -lmingwex -lmsvcrt -lkernel32 -lpthread -ladvapi32 -lshell32 -luser32 -lkernel32 -lmingw32 -lgcc -lgcc_eh -lmoldname -lmingwex -lmsvcrt -lkernel32 /usr/local/Cellar/mingw-w64/9.0.0_2/toolchain-i686/lib/gcc/i686-w64-mingw32/11.2.0/crtend.o
/usr/local/Cellar/mingw-w64/9.0.0_2/toolchain-i686/bin/i686-w64-mingw32-ld: Error: unable to disambiguate: -search_paths_first (did you mean --search_paths_first ?)
collect2: error: ld returned 1 exit status
make[1]: *** [cmTC_251aa] Error 1
make: *** [cmTC_251aa/fast] Error 2




Determining if the C compiler works failed with the following output:
Change Dir: /Users/lucamainardi/Desktop/Progetto Finale/build/CMakeFiles/CMakeTmp

Run Build Command(s):/usr/bin/make -f Makefile cmTC_1dcc6/fast && /Library/Developer/CommandLineTools/usr/bin/make  -f CMakeFiles/cmTC_1dcc6.dir/build.make CMakeFiles/cmTC_1dcc6.dir/build
Building C object CMakeFiles/cmTC_1dcc6.dir/testCCompiler.c.o
/usr/local/bin/i686-w64-mingw32-gcc-11.2.0   -isysroot /Library/Developer/CommandLineTools/SDKs/MacOSX12.1.sdk -o CMakeFiles/cmTC_1dcc6.dir/testCCompiler.c.o -c "/Users/lucamainardi/Desktop/Progetto Finale/build/CMakeFiles/CMakeTmp/testCCompiler.c"
Linking C executable cmTC_1dcc6
/usr/local/Cellar/cmake/3.22.0/bin/cmake -E cmake_link_script CMakeFiles/cmTC_1dcc6.dir/link.txt --verbose=1
/usr/local/bin/i686-w64-mingw32-gcc-11.2.0  -isysroot /Library/Developer/CommandLineTools/SDKs/MacOSX12.1.sdk -Wl,-search_paths_first -Wl,-headerpad_max_install_names CMakeFiles/cmTC_1dcc6.dir/testCCompiler.c.o -o cmTC_1dcc6 
/usr/local/Cellar/mingw-w64/9.0.0_2/toolchain-i686/bin/i686-w64-mingw32-ld: Error: unable to disambiguate: -search_paths_first (did you mean --search_paths_first ?)
collect2: error: ld returned 1 exit status
make[1]: *** [cmTC_1dcc6] Error 1
make: *** [cmTC_1dcc6/fast] Error 2



Detecting C compiler ABI info failed to compile with the following output:
Change Dir: /Users/lucamainardi/Desktop/Progetto Finale/build/CMakeFiles/CMakeTmp

Run Build Command(s):/usr/bin/make -f Makefile cmTC_00a83/fast && /Library/Developer/CommandLineTools/usr/bin/make  -f CMakeFiles/cmTC_00a83.dir/build.make CMakeFiles/cmTC_00a83.dir/build
Building C object CMakeFiles/cmTC_00a83.dir/CMakeCCompilerABI.c.o
/usr/local/bin/i686-w64-mingw32-gcc-11.2.0   -isysroot /Library/Developer/CommandLineTools/SDKs/MacOSX12.1.sdk   -v -Wl,-v -o CMakeFiles/cmTC_00a83.dir/CMakeCCompilerABI.c.o -c /usr/local/Cellar/cmake/3.22.0/share/cmake/Modules/CMakeCCompilerABI.c
Using built-in specs.
COLLECT_GCC=/usr/local/bin/i686-w64-mingw32-gcc-11.2.0
Target: i686-w64-mingw32
Configured with: ../configure --target=i686-w64-mingw32 --with-sysroot=/usr/local/Cellar/mingw-w64/9.0.0_2/toolchain-i686 --prefix=/usr/local/Cellar/mingw-w64/9.0.0_2/toolchain-i686 --with-bugurl=https://github.com/Homebrew/homebrew-core/issues --enable-languages=c,c++,fortran --with-ld=/usr/local/Cellar/mingw-w64/9.0.0_2/toolchain-i686/bin/i686-w64-mingw32-ld --with-as=/usr/local/Cellar/mingw-w64/9.0.0_2/toolchain-i686/bin/i686-w64-mingw32-as --with-gmp=/usr/local/opt/gmp --with-mpfr=/usr/local/opt/mpfr --with-mpc=/usr/local/opt/libmpc --with-isl=/usr/local/opt/isl --with-zstd=no --disable-multilib --disable-nls --enable-threads=posix
Thread model: posix
Supported LTO compression algorithms: zlib
gcc version 11.2.0 (GCC) 
COLLECT_GCC_OPTIONS='-isysroot' '/Library/Developer/CommandLineTools/SDKs/MacOSX12.1.sdk' '-v' '-o' 'CMakeFiles/cmTC_00a83.dir/CMakeCCompilerABI.c.o' '-c' '-mtune=generic' '-march=pentiumpro' '-dumpdir' 'CMakeFiles/cmTC_00a83.dir/'
 /usr/local/Cellar/mingw-w64/9.0.0_2/toolchain-i686/libexec/gcc/i686-w64-mingw32/11.2.0/cc1 -quiet -v -D_REENTRANT -isysroot /Library/Developer/CommandLineTools/SDKs/MacOSX12.1.sdk /usr/local/Cellar/cmake/3.22.0/share/cmake/Modules/CMakeCCompilerABI.c -quiet -dumpdir CMakeFiles/cmTC_00a83.dir/ -dumpbase CMakeCCompilerABI.c.c -dumpbase-ext .c -mtune=generic -march=pentiumpro -version -o /var/folders/zy/l5hqnpfn0q53zjjzyx1pdsfh0000gn/T//ccTGOnvL.s
GNU C17 (GCC) version 11.2.0 (i686-w64-mingw32)
	compiled by GNU C version Apple LLVM 13.0.0 (clang-1300.0.29.3), GMP version 6.2.1, MPFR version 4.1.0, MPC version 1.2.1, isl version isl-0.24-GMP

GGC heuristics: --param ggc-min-expand=100 --param ggc-min-heapsize=131072
ignoring nonexistent directory "/Library/Developer/CommandLineTools/SDKs/MacOSX12.1.sdk/usr/local/include"
ignoring nonexistent directory "/Library/Developer/CommandLineTools/SDKs/MacOSX12.1.sdk/mingw/include"
#include "..." search starts here:
#include <...> search starts here:
 /usr/local/Cellar/mingw-w64/9.0.0_2/toolchain-i686/lib/gcc/i686-w64-mingw32/11.2.0/include
 /usr/local/Cellar/mingw-w64/9.0.0_2/toolchain-i686/lib/gcc/i686-w64-mingw32/11.2.0/include-fixed
 /usr/local/Cellar/mingw-w64/9.0.0_2/toolchain-i686/lib/gcc/i686-w64-mingw32/11.2.0/../../../../i686-w64-mingw32/include
End of search list.
GNU C17 (GCC) version 11.2.0 (i686-w64-mingw32)
	compiled by GNU C version Apple LLVM 13.0.0 (clang-1300.0.29.3), GMP version 6.2.1, MPFR version 4.1.0, MPC version 1.2.1, isl version isl-0.24-GMP

GGC heuristics: --param ggc-min-expand=100 --param ggc-min-heapsize=131072
Compiler executable checksum: 35c9045aa91ad8e8d3beff46a5a33b7b
COLLECT_GCC_OPTIONS='-isysroot' '/Library/Developer/CommandLineTools/SDKs/MacOSX12.1.sdk' '-v' '-o' 'CMakeFiles/cmTC_00a83.dir/CMakeCCompilerABI.c.o' '-c' '-mtune=generic' '-march=pentiumpro' '-dumpdir' 'CMakeFiles/cmTC_00a83.dir/'
 /usr/local/Cellar/mingw-w64/9.0.0_2/toolchain-i686/bin/i686-w64-mingw32-as -v -o CMakeFiles/cmTC_00a83.dir/CMakeCCompilerABI.c.o /var/folders/zy/l5hqnpfn0q53zjjzyx1pdsfh0000gn/T//ccTGOnvL.s
GNU assembler version 2.37 (i686-w64-mingw32) using BFD version (GNU Binutils) 2.37
COMPILER_PATH=/usr/local/Cellar/mingw-w64/9.0.0_2/toolchain-i686/libexec/gcc/i686-w64-mingw32/11.2.0/:/usr/local/Cellar/mingw-w64/9.0.0_2/toolchain-i686/libexec/gcc/i686-w64-mingw32/11.2.0/:/usr/local/Cellar/mingw-w64/9.0.0_2/toolchain-i686/libexec/gcc/i686-w64-mingw32/:/usr/local/Cellar/mingw-w64/9.0.0_2/toolchain-i686/lib/gcc/i686-w64-mingw32/11.2.0/:/usr/local/Cellar/mingw-w64/9.0.0_2/toolchain-i686/lib/gcc/i686-w64-mingw32/:/usr/local/Cellar/mingw-w64/9.0.0_2/toolchain-i686/lib/gcc/i686-w64-mingw32/11.2.0/../../../../i686-w64-mingw32/bin/
LIBRARY_PATH=/usr/local/Cellar/mingw-w64/9.0.0_2/toolchain-i686/lib/gcc/i686-w64-mingw32/11.2.0/:/usr/local/Cellar/mingw-w64/9.0.0_2/toolchain-i686/lib/gcc/i686-w64-mingw32/11.2.0/../../../../i686-w64-mingw32/lib/../lib/:/usr/local/Cellar/mingw-w64/9.0.0_2/toolchain-i686/mingw/lib/../lib/:/usr/local/Cellar/mingw-w64/9.0.0_2/toolchain-i686/lib/gcc/i686-w64-mingw32/11.2.0/../../../../i686-w64-mingw32/lib/:/usr/local/Cellar/mingw-w64/9.0.0_2/toolchain-i686/mingw/lib/
COLLECT_GCC_OPTIONS='-isysroot' '/Library/Developer/CommandLineTools/SDKs/MacOSX12.1.sdk' '-v' '-o' 'CMakeFiles/cmTC_00a83.dir/CMakeCCompilerABI.c.o' '-c' '-mtune=generic' '-march=pentiumpro' '-dumpdir' 'CMakeFiles/cmTC_00a83.dir/CMakeCCompilerABI.c.'
Linking C executable cmTC_00a83
/usr/local/Cellar/cmake/3.22.0/bin/cmake -E cmake_link_script CMakeFiles/cmTC_00a83.dir/link.txt --verbose=1
/usr/local/bin/i686-w64-mingw32-gcc-11.2.0  -isysroot /Library/Developer/CommandLineTools/SDKs/MacOSX12.1.sdk -Wl,-search_paths_first -Wl,-headerpad_max_install_names  -v -Wl,-v CMakeFiles/cmTC_00a83.dir/CMakeCCompilerABI.c.o -o cmTC_00a83 
Using built-in specs.
COLLECT_GCC=/usr/local/bin/i686-w64-mingw32-gcc-11.2.0
COLLECT_LTO_WRAPPER=/usr/local/Cellar/mingw-w64/9.0.0_2/toolchain-i686/libexec/gcc/i686-w64-mingw32/11.2.0/lto-wrapper
Target: i686-w64-mingw32
Configured with: ../configure --target=i686-w64-mingw32 --with-sysroot=/usr/local/Cellar/mingw-w64/9.0.0_2/toolchain-i686 --prefix=/usr/local/Cellar/mingw-w64/9.0.0_2/toolchain-i686 --with-bugurl=https://github.com/Homebrew/homebrew-core/issues --enable-languages=c,c++,fortran --with-ld=/usr/local/Cellar/mingw-w64/9.0.0_2/toolchain-i686/bin/i686-w64-mingw32-ld --with-as=/usr/local/Cellar/mingw-w64/9.0.0_2/toolchain-i686/bin/i686-w64-mingw32-as --with-gmp=/usr/local/opt/gmp --with-mpfr=/usr/local/opt/mpfr --with-mpc=/usr/local/opt/libmpc --with-isl=/usr/local/opt/isl --with-zstd=no --disable-multilib --disable-nls --enable-threads=posix
Thread model: posix
Supported LTO compression algorithms: zlib
gcc version 11.2.0 (GCC) 
COMPILER_PATH=/usr/local/Cellar/mingw-w64/9.0.0_2/toolchain-i686/libexec/gcc/i686-w64-mingw32/11.2.0/:/usr/local/Cellar/mingw-w64/9.0.0_2/toolchain-i686/libexec/gcc/i686-w64-mingw32/11.2.0/:/usr/local/Cellar/mingw-w64/9.0.0_2/toolchain-i686/libexec/gcc/i686-w64-mingw32/:/usr/local/Cellar/mingw-w64/9.0.0_2/toolchain-i686/lib/gcc/i686-w64-mingw32/11.2.0/:/usr/local/Cellar/mingw-w64/9.0.0_2/toolchain-i686/lib/gcc/i686-w64-mingw32/:/usr/local/Cellar/mingw-w64/9.0.0_2/toolchain-i686/lib/gcc/i686-w64-mingw32/11.2.0/../../../../i686-w64-mingw32/bin/
LIBRARY_PATH=/usr/local/Cellar/mingw-w64/9.0.0_2/toolchain-i686/lib/gcc/i686-w64-mingw32/11.2.0/:/usr/local/Cellar/mingw-w64/9.0.0_2/toolchain-i686/lib/gcc/i686-w64-mingw32/11.2.0/../../../../i686-w64-mingw32/lib/../lib/:/usr/local/Cellar/mingw-w64/9.0.0_2/toolchain-i686/mingw/lib/../lib/:/usr/local/Cellar/mingw-w64/9.0.0_2/toolchain-i686/lib/gcc/i686-w64-mingw32/11.2.0/../../../../i686-w64-mingw32/lib/:/usr/local/Cellar/mingw-w64/9.0.0_2/toolchain-i686/mingw/lib/
COLLECT_GCC_OPTIONS='-isysroot' '/Library/Developer/CommandLineTools/SDKs/MacOSX12.1.sdk' '-v' '-o' 'cmTC_00a83.exe' '-mtune=generic' '-march=pentiumpro' '-dumpdir' 'cmTC_00a83.'
 /usr/local/Cellar/mingw-w64/9.0.0_2/toolchain-i686/libexec/gcc/i686-w64-mingw32/11.2.0/collect2 -plugin /usr/local/Cellar/mingw-w64/9.0.0_2/toolchain-i686/libexec/gcc/i686-w64-mingw32/11.2.0/liblto_plugin.so -plugin-opt=/usr/local/Cellar/mingw-w64/9.0.0_2/toolchain-i686/libexec/gcc/i686-w64-mingw32/11.2.0/lto-wrapper -plugin-opt=-fresolution=/var/folders/zy/l5hqnpfn0q53zjjzyx1pdsfh0000gn/T//ccM3lBWx.res -plugin-opt=-pass-through=-lmingw32 -plugin-opt=-pass-through=-lgcc -plugin-opt=-pass-through=-lgcc_eh -plugin-opt=-pass-through=-lmoldname -plugin-opt=-pass-through=-lmingwex -plugin-opt=-pass-through=-lmsvcrt -plugin-opt=-pass-through=-lkernel32 -plugin-opt=-pass-through=-lpthread -plugin-opt=-pass-through=-ladvapi32 -plugin-opt=-pass-through=-lshell32 -plugin-opt=-pass-through=-luser32 -plugin-opt=-pass-through=-lkernel32 -plugin-opt=-pass-through=-lmingw32 -plugin-opt=-pass-through=-lgcc -plugin-opt=-pass-through=-lgcc_eh -plugin-opt=-pass-through=-lmoldname -plugin-opt=-pass-through=-lmingwex -plugin-opt=-pass-through=-lmsvcrt -plugin-opt=-pass-through=-lkernel32 --sysroot=/usr/local/Cellar/mingw-w64/9.0.0_2/toolchain-i686 -m i386pe -Bdynamic -o cmTC_00a83.exe /usr/local/Cellar/mingw-w64/9.0.0_2/toolchain-i686/lib/gcc/i686-w64-mingw32/11.2.0/../../../../i686-w64-mingw32/lib/../lib/crt2.o /usr/local/Cellar/mingw-w64/9.0.0_2/toolchain-i686/lib/gcc/i686-w64-mingw32/11.2.0/crtbegin.o -L/usr/local/Cellar/mingw-w64/9.0.0_2/toolchain-i686/lib/gcc/i686-w64-mingw32/11.2.0 -L/usr/local/Cellar/mingw-w64/9.0.0_2/toolchain-i686/lib/gcc/i686-w64-mingw32/11.2.0/../../../../i686-w64-mingw32/lib/../lib -L/usr/local/Cellar/mingw-w64/9.0.0_2/toolchain-i686/mingw/lib/../lib -L/usr/local/Cellar/mingw-w64/9.0.0_2/toolchain-i686/lib/gcc/i686-w64-mingw32/11.2.0/../../../../i686-w64-mingw32/lib -L/usr/local/Cellar/mingw-w64/9.0.0_2/toolchain-i686/mingw/lib -search_paths_first -headerpad_max_install_names -v CMakeFiles/cmTC_00a83.dir/CMakeCCompilerABI.c.o -lmingw32 -lgcc -lgcc_eh -lmoldname -lmingwex -lmsvcrt -lkernel32 -lpthread -ladvapi32 -lshell32 -luser32 -lkernel32 -lmingw32 -lgcc -lgcc_eh -lmoldname -lmingwex -lmsvcrt -lkernel32 /usr/local/Cellar/mingw-w64/9.0.0_2/toolchain-i686/lib/gcc/i686-w64-mingw32/11.2.0/crtend.o
collect2 version 11.2.0
/usr/local/Cellar/mingw-w64/9.0.0_2/toolchain-i686/bin/i686-w64-mingw32-ld -plugin /usr/local/Cellar/mingw-w64/9.0.0_2/toolchain-i686/libexec/gcc/i686-w64-mingw32/11.2.0/liblto_plugin.so -plugin-opt=/usr/local/Cellar/mingw-w64/9.0.0_2/toolchain-i686/libexec/gcc/i686-w64-mingw32/11.2.0/lto-wrapper -plugin-opt=-fresolution=/var/folders/zy/l5hqnpfn0q53zjjzyx1pdsfh0000gn/T//ccM3lBWx.res -plugin-opt=-pass-through=-lmingw32 -plugin-opt=-pass-through=-lgcc -plugin-opt=-pass-through=-lgcc_eh -plugin-opt=-pass-through=-lmoldname -plugin-opt=-pass-through=-lmingwex -plugin-opt=-pass-through=-lmsvcrt -plugin-opt=-pass-through=-lkernel32 -plugin-opt=-pass-through=-lpthread -plugin-opt=-pass-through=-ladvapi32 -plugin-opt=-pass-through=-lshell32 -plugin-opt=-pass-through=-luser32 -plugin-opt=-pass-through=-lkernel32 -plugin-opt=-pass-through=-lmingw32 -plugin-opt=-pass-through=-lgcc -plugin-opt=-pass-through=-lgcc_eh -plugin-opt=-pass-through=-lmoldname -plugin-opt=-pass-through=-lmingwex -plugin-opt=-pass-through=-lmsvcrt -plugin-opt=-pass-through=-lkernel32 --sysroot=/usr/local/Cellar/mingw-w64/9.0.0_2/toolchain-i686 -m i386pe -Bdynamic -o cmTC_00a83.exe /usr/local/Cellar/mingw-w64/9.0.0_2/toolchain-i686/lib/gcc/i686-w64-mingw32/11.2.0/../../../../i686-w64-mingw32/lib/../lib/crt2.o /usr/local/Cellar/mingw-w64/9.0.0_2/toolchain-i686/lib/gcc/i686-w64-mingw32/11.2.0/crtbegin.o -L/usr/local/Cellar/mingw-w64/9.0.0_2/toolchain-i686/lib/gcc/i686-w64-mingw32/11.2.0 -L/usr/local/Cellar/mingw-w64/9.0.0_2/toolchain-i686/lib/gcc/i686-w64-mingw32/11.2.0/../../../../i686-w64-mingw32/lib/../lib -L/usr/local/Cellar/mingw-w64/9.0.0_2/toolchain-i686/mingw/lib/../lib -L/usr/local/Cellar/mingw-w64/9.0.0_2/toolchain-i686/lib/gcc/i686-w64-mingw32/11.2.0/../../../../i686-w64-mingw32/lib -L/usr/local/Cellar/mingw-w64/9.0.0_2/toolchain-i686/mingw/lib -search_paths_first -headerpad_max_install_names -v CMakeFiles/cmTC_00a83.dir/CMakeCCompilerABI.c.o -lmingw32 -lgcc -lgcc_eh -lmoldname -lmingwex -lmsvcrt -lkernel32 -lpthread -ladvapi32 -lshell32 -luser32 -lkernel32 -lmingw32 -lgcc -lgcc_eh -lmoldname -lmingwex -lmsvcrt -lkernel32 /usr/local/Cellar/mingw-w64/9.0.0_2/toolchain-i686/lib/gcc/i686-w64-mingw32/11.2.0/crtend.o
/usr/local/Cellar/mingw-w64/9.0.0_2/toolchain-i686/bin/i686-w64-mingw32-ld: Error: unable to disambiguate: -search_paths_first (did you mean --search_paths_first ?)
collect2: error: ld returned 1 exit status
make[1]: *** [cmTC_00a83] Error 1
make: *** [cmTC_00a83/fast] Error 2




Determining if the C compiler works failed with the following output:
Change Dir: /Users/lucamainardi/Desktop/Progetto Finale/build/CMakeFiles/CMakeTmp

Run Build Command(s):/usr/bin/make -f Makefile cmTC_c7d98/fast && /Library/Developer/CommandLineTools/usr/bin/make  -f CMakeFiles/cmTC_c7d98.dir/build.make CMakeFiles/cmTC_c7d98.dir/build
Building C object CMakeFiles/cmTC_c7d98.dir/testCCompiler.c.o
/usr/local/bin/i686-w64-mingw32-gcc-11.2.0   -isysroot /Library/Developer/CommandLineTools/SDKs/MacOSX12.1.sdk -o CMakeFiles/cmTC_c7d98.dir/testCCompiler.c.o -c "/Users/lucamainardi/Desktop/Progetto Finale/build/CMakeFiles/CMakeTmp/testCCompiler.c"
Linking C executable cmTC_c7d98
/usr/local/Cellar/cmake/3.22.0/bin/cmake -E cmake_link_script CMakeFiles/cmTC_c7d98.dir/link.txt --verbose=1
/usr/local/bin/i686-w64-mingw32-gcc-11.2.0  -isysroot /Library/Developer/CommandLineTools/SDKs/MacOSX12.1.sdk -Wl,-search_paths_first -Wl,-headerpad_max_install_names CMakeFiles/cmTC_c7d98.dir/testCCompiler.c.o -o cmTC_c7d98 
/usr/local/Cellar/mingw-w64/9.0.0_2/toolchain-i686/bin/i686-w64-mingw32-ld: Error: unable to disambiguate: -search_paths_first (did you mean --search_paths_first ?)
collect2: error: ld returned 1 exit status
make[1]: *** [cmTC_c7d98] Error 1
make: *** [cmTC_c7d98/fast] Error 2



Detecting C compiler ABI info failed to compile with the following output:
Change Dir: /Users/lucamainardi/Desktop/Progetto Finale/build/CMakeFiles/CMakeTmp

Run Build Command(s):/usr/bin/make -f Makefile cmTC_784b9/fast && /Library/Developer/CommandLineTools/usr/bin/make  -f CMakeFiles/cmTC_784b9.dir/build.make CMakeFiles/cmTC_784b9.dir/build
Building C object CMakeFiles/cmTC_784b9.dir/CMakeCCompilerABI.c.o
/usr/local/bin/i686-w64-mingw32-gcc-11.2.0   -isysroot /Library/Developer/CommandLineTools/SDKs/MacOSX12.1.sdk   -v -Wl,-v -o CMakeFiles/cmTC_784b9.dir/CMakeCCompilerABI.c.o -c /usr/local/Cellar/cmake/3.22.0/share/cmake/Modules/CMakeCCompilerABI.c
Using built-in specs.
COLLECT_GCC=/usr/local/bin/i686-w64-mingw32-gcc-11.2.0
Target: i686-w64-mingw32
Configured with: ../configure --target=i686-w64-mingw32 --with-sysroot=/usr/local/Cellar/mingw-w64/9.0.0_2/toolchain-i686 --prefix=/usr/local/Cellar/mingw-w64/9.0.0_2/toolchain-i686 --with-bugurl=https://github.com/Homebrew/homebrew-core/issues --enable-languages=c,c++,fortran --with-ld=/usr/local/Cellar/mingw-w64/9.0.0_2/toolchain-i686/bin/i686-w64-mingw32-ld --with-as=/usr/local/Cellar/mingw-w64/9.0.0_2/toolchain-i686/bin/i686-w64-mingw32-as --with-gmp=/usr/local/opt/gmp --with-mpfr=/usr/local/opt/mpfr --with-mpc=/usr/local/opt/libmpc --with-isl=/usr/local/opt/isl --with-zstd=no --disable-multilib --disable-nls --enable-threads=posix
Thread model: posix
Supported LTO compression algorithms: zlib
gcc version 11.2.0 (GCC) 
COLLECT_GCC_OPTIONS='-isysroot' '/Library/Developer/CommandLineTools/SDKs/MacOSX12.1.sdk' '-v' '-o' 'CMakeFiles/cmTC_784b9.dir/CMakeCCompilerABI.c.o' '-c' '-mtune=generic' '-march=pentiumpro' '-dumpdir' 'CMakeFiles/cmTC_784b9.dir/'
 /usr/local/Cellar/mingw-w64/9.0.0_2/toolchain-i686/libexec/gcc/i686-w64-mingw32/11.2.0/cc1 -quiet -v -D_REENTRANT -isysroot /Library/Developer/CommandLineTools/SDKs/MacOSX12.1.sdk /usr/local/Cellar/cmake/3.22.0/share/cmake/Modules/CMakeCCompilerABI.c -quiet -dumpdir CMakeFiles/cmTC_784b9.dir/ -dumpbase CMakeCCompilerABI.c.c -dumpbase-ext .c -mtune=generic -march=pentiumpro -version -o /var/folders/zy/l5hqnpfn0q53zjjzyx1pdsfh0000gn/T//cc07gu5i.s
GNU C17 (GCC) version 11.2.0 (i686-w64-mingw32)
	compiled by GNU C version Apple LLVM 13.0.0 (clang-1300.0.29.3), GMP version 6.2.1, MPFR version 4.1.0, MPC version 1.2.1, isl version isl-0.24-GMP

GGC heuristics: --param ggc-min-expand=100 --param ggc-min-heapsize=131072
ignoring nonexistent directory "/Library/Developer/CommandLineTools/SDKs/MacOSX12.1.sdk/usr/local/include"
ignoring nonexistent directory "/Library/Developer/CommandLineTools/SDKs/MacOSX12.1.sdk/mingw/include"
#include "..." search starts here:
#include <...> search starts here:
 /usr/local/Cellar/mingw-w64/9.0.0_2/toolchain-i686/lib/gcc/i686-w64-mingw32/11.2.0/include
 /usr/local/Cellar/mingw-w64/9.0.0_2/toolchain-i686/lib/gcc/i686-w64-mingw32/11.2.0/include-fixed
 /usr/local/Cellar/mingw-w64/9.0.0_2/toolchain-i686/lib/gcc/i686-w64-mingw32/11.2.0/../../../../i686-w64-mingw32/include
End of search list.
GNU C17 (GCC) version 11.2.0 (i686-w64-mingw32)
	compiled by GNU C version Apple LLVM 13.0.0 (clang-1300.0.29.3), GMP version 6.2.1, MPFR version 4.1.0, MPC version 1.2.1, isl version isl-0.24-GMP

GGC heuristics: --param ggc-min-expand=100 --param ggc-min-heapsize=131072
Compiler executable checksum: 35c9045aa91ad8e8d3beff46a5a33b7b
COLLECT_GCC_OPTIONS='-isysroot' '/Library/Developer/CommandLineTools/SDKs/MacOSX12.1.sdk' '-v' '-o' 'CMakeFiles/cmTC_784b9.dir/CMakeCCompilerABI.c.o' '-c' '-mtune=generic' '-march=pentiumpro' '-dumpdir' 'CMakeFiles/cmTC_784b9.dir/'
 /usr/local/Cellar/mingw-w64/9.0.0_2/toolchain-i686/bin/i686-w64-mingw32-as -v -o CMakeFiles/cmTC_784b9.dir/CMakeCCompilerABI.c.o /var/folders/zy/l5hqnpfn0q53zjjzyx1pdsfh0000gn/T//cc07gu5i.s
GNU assembler version 2.37 (i686-w64-mingw32) using BFD version (GNU Binutils) 2.37
COMPILER_PATH=/usr/local/Cellar/mingw-w64/9.0.0_2/toolchain-i686/libexec/gcc/i686-w64-mingw32/11.2.0/:/usr/local/Cellar/mingw-w64/9.0.0_2/toolchain-i686/libexec/gcc/i686-w64-mingw32/11.2.0/:/usr/local/Cellar/mingw-w64/9.0.0_2/toolchain-i686/libexec/gcc/i686-w64-mingw32/:/usr/local/Cellar/mingw-w64/9.0.0_2/toolchain-i686/lib/gcc/i686-w64-mingw32/11.2.0/:/usr/local/Cellar/mingw-w64/9.0.0_2/toolchain-i686/lib/gcc/i686-w64-mingw32/:/usr/local/Cellar/mingw-w64/9.0.0_2/toolchain-i686/lib/gcc/i686-w64-mingw32/11.2.0/../../../../i686-w64-mingw32/bin/
LIBRARY_PATH=/usr/local/Cellar/mingw-w64/9.0.0_2/toolchain-i686/lib/gcc/i686-w64-mingw32/11.2.0/:/usr/local/Cellar/mingw-w64/9.0.0_2/toolchain-i686/lib/gcc/i686-w64-mingw32/11.2.0/../../../../i686-w64-mingw32/lib/../lib/:/usr/local/Cellar/mingw-w64/9.0.0_2/toolchain-i686/mingw/lib/../lib/:/usr/local/Cellar/mingw-w64/9.0.0_2/toolchain-i686/lib/gcc/i686-w64-mingw32/11.2.0/../../../../i686-w64-mingw32/lib/:/usr/local/Cellar/mingw-w64/9.0.0_2/toolchain-i686/mingw/lib/
COLLECT_GCC_OPTIONS='-isysroot' '/Library/Developer/CommandLineTools/SDKs/MacOSX12.1.sdk' '-v' '-o' 'CMakeFiles/cmTC_784b9.dir/CMakeCCompilerABI.c.o' '-c' '-mtune=generic' '-march=pentiumpro' '-dumpdir' 'CMakeFiles/cmTC_784b9.dir/CMakeCCompilerABI.c.'
Linking C executable cmTC_784b9
/usr/local/Cellar/cmake/3.22.0/bin/cmake -E cmake_link_script CMakeFiles/cmTC_784b9.dir/link.txt --verbose=1
/usr/local/bin/i686-w64-mingw32-gcc-11.2.0  -isysroot /Library/Developer/CommandLineTools/SDKs/MacOSX12.1.sdk -Wl,-search_paths_first -Wl,-headerpad_max_install_names  -v -Wl,-v CMakeFiles/cmTC_784b9.dir/CMakeCCompilerABI.c.o -o cmTC_784b9 
Using built-in specs.
COLLECT_GCC=/usr/local/bin/i686-w64-mingw32-gcc-11.2.0
COLLECT_LTO_WRAPPER=/usr/local/Cellar/mingw-w64/9.0.0_2/toolchain-i686/libexec/gcc/i686-w64-mingw32/11.2.0/lto-wrapper
Target: i686-w64-mingw32
Configured with: ../configure --target=i686-w64-mingw32 --with-sysroot=/usr/local/Cellar/mingw-w64/9.0.0_2/toolchain-i686 --prefix=/usr/local/Cellar/mingw-w64/9.0.0_2/toolchain-i686 --with-bugurl=https://github.com/Homebrew/homebrew-core/issues --enable-languages=c,c++,fortran --with-ld=/usr/local/Cellar/mingw-w64/9.0.0_2/toolchain-i686/bin/i686-w64-mingw32-ld --with-as=/usr/local/Cellar/mingw-w64/9.0.0_2/toolchain-i686/bin/i686-w64-mingw32-as --with-gmp=/usr/local/opt/gmp --with-mpfr=/usr/local/opt/mpfr --with-mpc=/usr/local/opt/libmpc --with-isl=/usr/local/opt/isl --with-zstd=no --disable-multilib --disable-nls --enable-threads=posix
Thread model: posix
Supported LTO compression algorithms: zlib
gcc version 11.2.0 (GCC) 
COMPILER_PATH=/usr/local/Cellar/mingw-w64/9.0.0_2/toolchain-i686/libexec/gcc/i686-w64-mingw32/11.2.0/:/usr/local/Cellar/mingw-w64/9.0.0_2/toolchain-i686/libexec/gcc/i686-w64-mingw32/11.2.0/:/usr/local/Cellar/mingw-w64/9.0.0_2/toolchain-i686/libexec/gcc/i686-w64-mingw32/:/usr/local/Cellar/mingw-w64/9.0.0_2/toolchain-i686/lib/gcc/i686-w64-mingw32/11.2.0/:/usr/local/Cellar/mingw-w64/9.0.0_2/toolchain-i686/lib/gcc/i686-w64-mingw32/:/usr/local/Cellar/mingw-w64/9.0.0_2/toolchain-i686/lib/gcc/i686-w64-mingw32/11.2.0/../../../../i686-w64-mingw32/bin/
LIBRARY_PATH=/usr/local/Cellar/mingw-w64/9.0.0_2/toolchain-i686/lib/gcc/i686-w64-mingw32/11.2.0/:/usr/local/Cellar/mingw-w64/9.0.0_2/toolchain-i686/lib/gcc/i686-w64-mingw32/11.2.0/../../../../i686-w64-mingw32/lib/../lib/:/usr/local/Cellar/mingw-w64/9.0.0_2/toolchain-i686/mingw/lib/../lib/:/usr/local/Cellar/mingw-w64/9.0.0_2/toolchain-i686/lib/gcc/i686-w64-mingw32/11.2.0/../../../../i686-w64-mingw32/lib/:/usr/local/Cellar/mingw-w64/9.0.0_2/toolchain-i686/mingw/lib/
COLLECT_GCC_OPTIONS='-isysroot' '/Library/Developer/CommandLineTools/SDKs/MacOSX12.1.sdk' '-v' '-o' 'cmTC_784b9.exe' '-mtune=generic' '-march=pentiumpro' '-dumpdir' 'cmTC_784b9.'
 /usr/local/Cellar/mingw-w64/9.0.0_2/toolchain-i686/libexec/gcc/i686-w64-mingw32/11.2.0/collect2 -plugin /usr/local/Cellar/mingw-w64/9.0.0_2/toolchain-i686/libexec/gcc/i686-w64-mingw32/11.2.0/liblto_plugin.so -plugin-opt=/usr/local/Cellar/mingw-w64/9.0.0_2/toolchain-i686/libexec/gcc/i686-w64-mingw32/11.2.0/lto-wrapper -plugin-opt=-fresolution=/var/folders/zy/l5hqnpfn0q53zjjzyx1pdsfh0000gn/T//cczkZ0J6.res -plugin-opt=-pass-through=-lmingw32 -plugin-opt=-pass-through=-lgcc -plugin-opt=-pass-through=-lgcc_eh -plugin-opt=-pass-through=-lmoldname -plugin-opt=-pass-through=-lmingwex -plugin-opt=-pass-through=-lmsvcrt -plugin-opt=-pass-through=-lkernel32 -plugin-opt=-pass-through=-lpthread -plugin-opt=-pass-through=-ladvapi32 -plugin-opt=-pass-through=-lshell32 -plugin-opt=-pass-through=-luser32 -plugin-opt=-pass-through=-lkernel32 -plugin-opt=-pass-through=-lmingw32 -plugin-opt=-pass-through=-lgcc -plugin-opt=-pass-through=-lgcc_eh -plugin-opt=-pass-through=-lmoldname -plugin-opt=-pass-through=-lmingwex -plugin-opt=-pass-through=-lmsvcrt -plugin-opt=-pass-through=-lkernel32 --sysroot=/usr/local/Cellar/mingw-w64/9.0.0_2/toolchain-i686 -m i386pe -Bdynamic -o cmTC_784b9.exe /usr/local/Cellar/mingw-w64/9.0.0_2/toolchain-i686/lib/gcc/i686-w64-mingw32/11.2.0/../../../../i686-w64-mingw32/lib/../lib/crt2.o /usr/local/Cellar/mingw-w64/9.0.0_2/toolchain-i686/lib/gcc/i686-w64-mingw32/11.2.0/crtbegin.o -L/usr/local/Cellar/mingw-w64/9.0.0_2/toolchain-i686/lib/gcc/i686-w64-mingw32/11.2.0 -L/usr/local/Cellar/mingw-w64/9.0.0_2/toolchain-i686/lib/gcc/i686-w64-mingw32/11.2.0/../../../../i686-w64-mingw32/lib/../lib -L/usr/local/Cellar/mingw-w64/9.0.0_2/toolchain-i686/mingw/lib/../lib -L/usr/local/Cellar/mingw-w64/9.0.0_2/toolchain-i686/lib/gcc/i686-w64-mingw32/11.2.0/../../../../i686-w64-mingw32/lib -L/usr/local/Cellar/mingw-w64/9.0.0_2/toolchain-i686/mingw/lib -search_paths_first -headerpad_max_install_names -v CMakeFiles/cmTC_784b9.dir/CMakeCCompilerABI.c.o -lmingw32 -lgcc -lgcc_eh -lmoldname -lmingwex -lmsvcrt -lkernel32 -lpthread -ladvapi32 -lshell32 -luser32 -lkernel32 -lmingw32 -lgcc -lgcc_eh -lmoldname -lmingwex -lmsvcrt -lkernel32 /usr/local/Cellar/mingw-w64/9.0.0_2/toolchain-i686/lib/gcc/i686-w64-mingw32/11.2.0/crtend.o
collect2 version 11.2.0
/usr/local/Cellar/mingw-w64/9.0.0_2/toolchain-i686/bin/i686-w64-mingw32-ld -plugin /usr/local/Cellar/mingw-w64/9.0.0_2/toolchain-i686/libexec/gcc/i686-w64-mingw32/11.2.0/liblto_plugin.so -plugin-opt=/usr/local/Cellar/mingw-w64/9.0.0_2/toolchain-i686/libexec/gcc/i686-w64-mingw32/11.2.0/lto-wrapper -plugin-opt=-fresolution=/var/folders/zy/l5hqnpfn0q53zjjzyx1pdsfh0000gn/T//cczkZ0J6.res -plugin-opt=-pass-through=-lmingw32 -plugin-opt=-pass-through=-lgcc -plugin-opt=-pass-through=-lgcc_eh -plugin-opt=-pass-through=-lmoldname -plugin-opt=-pass-through=-lmingwex -plugin-opt=-pass-through=-lmsvcrt -plugin-opt=-pass-through=-lkernel32 -plugin-opt=-pass-through=-lpthread -plugin-opt=-pass-through=-ladvapi32 -plugin-opt=-pass-through=-lshell32 -plugin-opt=-pass-through=-luser32 -plugin-opt=-pass-through=-lkernel32 -plugin-opt=-pass-through=-lmingw32 -plugin-opt=-pass-through=-lgcc -plugin-opt=-pass-through=-lgcc_eh -plugin-opt=-pass-through=-lmoldname -plugin-opt=-pass-through=-lmingwex -plugin-opt=-pass-through=-lmsvcrt -plugin-opt=-pass-through=-lkernel32 --sysroot=/usr/local/Cellar/mingw-w64/9.0.0_2/toolchain-i686 -m i386pe -Bdynamic -o cmTC_784b9.exe /usr/local/Cellar/mingw-w64/9.0.0_2/toolchain-i686/lib/gcc/i686-w64-mingw32/11.2.0/../../../../i686-w64-mingw32/lib/../lib/crt2.o /usr/local/Cellar/mingw-w64/9.0.0_2/toolchain-i686/lib/gcc/i686-w64-mingw32/11.2.0/crtbegin.o -L/usr/local/Cellar/mingw-w64/9.0.0_2/toolchain-i686/lib/gcc/i686-w64-mingw32/11.2.0 -L/usr/local/Cellar/mingw-w64/9.0.0_2/toolchain-i686/lib/gcc/i686-w64-mingw32/11.2.0/../../../../i686-w64-mingw32/lib/../lib -L/usr/local/Cellar/mingw-w64/9.0.0_2/toolchain-i686/mingw/lib/../lib -L/usr/local/Cellar/mingw-w64/9.0.0_2/toolchain-i686/lib/gcc/i686-w64-mingw32/11.2.0/../../../../i686-w64-mingw32/lib -L/usr/local/Cellar/mingw-w64/9.0.0_2/toolchain-i686/mingw/lib -search_paths_first -headerpad_max_install_names -v CMakeFiles/cmTC_784b9.dir/CMakeCCompilerABI.c.o -lmingw32 -lgcc -lgcc_eh -lmoldname -lmingwex -lmsvcrt -lkernel32 -lpthread -ladvapi32 -lshell32 -luser32 -lkernel32 -lmingw32 -lgcc -lgcc_eh -lmoldname -lmingwex -lmsvcrt -lkernel32 /usr/local/Cellar/mingw-w64/9.0.0_2/toolchain-i686/lib/gcc/i686-w64-mingw32/11.2.0/crtend.o
/usr/local/Cellar/mingw-w64/9.0.0_2/toolchain-i686/bin/i686-w64-mingw32-ld: Error: unable to disambiguate: -search_paths_first (did you mean --search_paths_first ?)
collect2: error: ld returned 1 exit status
make[1]: *** [cmTC_784b9] Error 1
make: *** [cmTC_784b9/fast] Error 2




Determining if the C compiler works failed with the following output:
Change Dir: /Users/lucamainardi/Desktop/Progetto Finale/build/CMakeFiles/CMakeTmp

Run Build Command(s):/usr/bin/make -f Makefile cmTC_07eb2/fast && /Library/Developer/CommandLineTools/usr/bin/make  -f CMakeFiles/cmTC_07eb2.dir/build.make CMakeFiles/cmTC_07eb2.dir/build
Building C object CMakeFiles/cmTC_07eb2.dir/testCCompiler.c.o
/usr/local/bin/i686-w64-mingw32-gcc-11.2.0   -isysroot /Library/Developer/CommandLineTools/SDKs/MacOSX12.1.sdk -o CMakeFiles/cmTC_07eb2.dir/testCCompiler.c.o -c "/Users/lucamainardi/Desktop/Progetto Finale/build/CMakeFiles/CMakeTmp/testCCompiler.c"
Linking C executable cmTC_07eb2
/usr/local/Cellar/cmake/3.22.0/bin/cmake -E cmake_link_script CMakeFiles/cmTC_07eb2.dir/link.txt --verbose=1
/usr/local/bin/i686-w64-mingw32-gcc-11.2.0  -isysroot /Library/Developer/CommandLineTools/SDKs/MacOSX12.1.sdk -Wl,-search_paths_first -Wl,-headerpad_max_install_names CMakeFiles/cmTC_07eb2.dir/testCCompiler.c.o -o cmTC_07eb2 
/usr/local/Cellar/mingw-w64/9.0.0_2/toolchain-i686/bin/i686-w64-mingw32-ld: Error: unable to disambiguate: -search_paths_first (did you mean --search_paths_first ?)
collect2: error: ld returned 1 exit status
make[1]: *** [cmTC_07eb2] Error 1
make: *** [cmTC_07eb2/fast] Error 2



Compiling the C compiler identification source file "CMakeCCompilerId.c" failed.
Compiler: /Library/Developer/CommandLineTools/usr/bin/cc 
Build flags: 
Id flags:  

The output was:
1
ld: library not found for -lSystem
clang: error: linker command failed with exit code 1 (use -v to see invocation)


Compiling the CXX compiler identification source file "CMakeCXXCompilerId.cpp" failed.
Compiler: /Library/Developer/CommandLineTools/usr/bin/c++ 
Build flags: 
Id flags:  

The output was:
1
ld: library not found for -lc++
clang: error: linker command failed with exit code 1 (use -v to see invocation)


Compiling the C compiler identification source file "CMakeCCompilerId.c" failed.
Compiler: /Library/Developer/CommandLineTools/usr/bin/cc 
Build flags: 
Id flags:  

The output was:
1
ld: library not found for -lSystem
clang: error: linker command failed with exit code 1 (use -v to see invocation)


Compiling the CXX compiler identification source file "CMakeCXXCompilerId.cpp" failed.
Compiler: /Library/Developer/CommandLineTools/usr/bin/c++ 
Build flags: 
Id flags:  

The output was:
1
ld: library not found for -lc++
clang: error: linker command failed with exit code 1 (use -v to see invocation)


Compiling the C compiler identification source file "CMakeCCompilerId.c" failed.
Compiler: /Library/Developer/CommandLineTools/usr/bin/cc 
Build flags: 
Id flags:  

The output was:
1
ld: library not found for -lSystem
clang: error: linker command failed with exit code 1 (use -v to see invocation)


Compiling the CXX compiler identification source file "CMakeCXXCompilerId.cpp" failed.
Compiler: /Library/Developer/CommandLineTools/usr/bin/c++ 
Build flags: 
Id flags:  

The output was:
1
ld: library not found for -lc++
clang: error: linker command failed with exit code 1 (use -v to see invocation)


Compiling the C compiler identification source file "CMakeCCompilerId.c" failed.
Compiler: /Library/Developer/CommandLineTools/usr/bin/cc 
Build flags: 
Id flags:  

The output was:
1
ld: library not found for -lSystem
clang: error: linker command failed with exit code 1 (use -v to see invocation)


Compiling the CXX compiler identification source file "CMakeCXXCompilerId.cpp" failed.
Compiler: /Library/Developer/CommandLineTools/usr/bin/c++ 
Build flags: 
Id flags:  

The output was:
1
ld: library not found for -lc++
clang: error: linker command failed with exit code 1 (use -v to see invocation)


